castro_marim2.jpg ckaprb4dq03zm0zbn2618g536 503 Service Unavailable
elvas2.jpg ckay0wtrn0u1j0zc8fg68989u 410 Gone
castro_marim2.jpg ckaprb4dq03zm0zbn2618g536 503 Service Unavailable
elvas2.jpg ckay0wtrn0u1j0zc8fg68989u 410 Gone
2020-06-11 09:23:39 castro_marim2.jpg ckaprb4dq03zm0zbn2618g536 503 Service Unavailable
2020-06-11 09:30:21 castro_marim2.jpg ckaprb4dq03zm0zbn2618g536 503 Service Unavailable
2020-06-11 09:36:42 castro_marim2.jpg ckaprb4dq03zm0zbn2618g536 503 Service Unavailable
2020-06-11 10:04:50 elvas2.jpg ckaycf92b006r0ycscbq7dph0 503 Service Unavailable
2020-06-11 10:10:10 elvas2.jpg ckazegy230g1h0yao40f8cfvj 503 Service Unavailable
2020-06-11 10:20:14 elvas2.jpg ckazmj9no00370ydh885w8e28 503 Service Unavailable
2020-06-11 10:23:00 elvas2.jpg ckb0wv8hv0s5m0ycycyjoarmz 503 Service Unavailable
2020-06-11 10:57:43 braganca1.jpg ckayo73bu1ddg0ybo1vf609cx 503 Service Unavailable
2020-06-11 11:18:34 braganca1.jpg ckb173bj901j90ya31mw3gg1l 503 Service Unavailable
2020-06-11 12:20:11 penha_garcia1.jpg ckb9klb8515dq0yeje5qq8i6n 410 Gone
2020-06-11 12:20:13 penha_garcia1.jpg ckb9knl98001u0ycq5b5v3yee 410 Gone
2020-06-11 14:39:47 penha_garcia1.jpg ckb9klb8515dq0yeje5qq8i6n 410 Gone
2020-06-11 14:39:49 penha_garcia1.jpg ckb9knl98001u0ycq5b5v3yee 410 Gone
2020-06-11 16:03:39 penha_garcia1.jpg ckb9klb8515dq0yeje5qq8i6n 410 Gone
2020-06-11 16:03:41 penha_garcia1.jpg ckb9knl98001u0ycq5b5v3yee 410 Gone
2020-06-11 16:05:15 penha_garcia1.jpg ckb9klb8515dq0yeje5qq8i6n 410 Gone
2020-06-11 16:05:18 penha_garcia1.jpg ckb9knl98001u0ycq5b5v3yee 410 Gone
2020-06-11 16:05:23 monsaraz1.jpg ckb6p8ya318i70y9i388jcl56 Blank mask!!
2020-06-11 16:06:59 elvas1.jpg ckb1e76lx0acx0yakf8nbg6fx Blank mask!!
2020-06-11 16:34:11 elvas1.jpg ckb2ln9gx14kp0zb1ea0e0mql Blank mask!!
2020-06-11 17:24:45 juromenha1.jpg ckb6r91wt1ar30y3fhyda99ug 503 Service Unavailable
2020-06-11 17:28:58 juromenha1.jpg ckb6suawv1buw0y9iet4021ac Blank mask!!
2020-06-11 17:41:41 mourao2 .jpg ckb6ozyx718cg0y9i9y5g7wwi Blank mask!!
2020-06-11 17:41:59 mirando_do_douro1.jpg ckb2l8a7x00cm0yagdfah1opt 503 Service Unavailable
2020-06-11 18:04:52 penha_garcia1.jpg ckb9klb8515dq0yeje5qq8i6n 410 Gone
2020-06-11 18:04:54 penha_garcia1.jpg ckb9knl98001u0ycq5b5v3yee 410 Gone
2020-06-11 18:07:24 mirando_do_douro1.jpg ckb6mwzxy13hy0z8r2qs45sz9 503 Service Unavailable
2020-06-11 18:10:23 mirando_do_douro1.jpg ckb6p5r1x187h0y834yvzb2ti Blank mask!!
2020-06-11 18:19:27 noudar1.jpg ckb6t3oub002v0y86bafpayvc 503 Service Unavailable
2020-06-11 18:29:25 noudar1.jpg ckb6wpewd1fgq0y9i4lqd3cl6 503 Service Unavailable
2020-06-11 18:29:57 noudar1.jpg ckb6wwg3o1bss0z8r81ki3f52 Blank mask!!
2020-06-11 18:30:03 noudar1.jpg ckb6wy2h51buj0z8rbc3la5tu Blank mask!!
2020-06-11 20:31:51 penha_garcia1.jpg ckb9klb8515dq0yeje5qq8i6n 410 Gone
2020-06-11 20:31:53 penha_garcia1.jpg ckb9knl98001u0ycq5b5v3yee 410 Gone
2020-06-11 20:43:38 olivenca1.jpg ckb8ld4iu1bx60yd1ertjda96 Blank mask!!
2020-06-11 20:47:58 penha_garcia1.jpg ckb9klb8515dq0yeje5qq8i6n 410 Gone
2020-06-11 20:47:59 penha_garcia1.jpg ckb9knl98001u0ycq5b5v3yee 410 Gone
2020-06-11 21:21:53 alcoutim1.jpg ckb82oyeq12xp0yd8gf5oeu9u Blank mask!!
2020-06-11 21:24:50 noudar2.jpg ckb87qdhq0qhl0zdgdy602t2o 503 Service Unavailable
2020-06-11 21:31:33 noudar2.jpg ckb8bh3su17f50yd1gfq7cy0l Blank mask!!
2020-06-11 21:36:18 piconha1.jpg ckb8clrik0t4f0zdgglfegbr5 503 Service Unavailable
2020-06-11 21:45:20 piconha1.jpg ckb9i4nhc13m40yej5bfb41qm Blank mask!!
2020-06-11 22:03:27 piconha2.jpg ckb9jtd2514wm0yejb3816ah0 410 Gone
2020-06-12 07:49:49 penha_garcia1.jpg ckb9klb8515dq0yeje5qq8i6n 410 Gone
2020-06-12 07:49:50 penha_garcia1.jpg ckb9knl98001u0ycq5b5v3yee 410 Gone
2020-06-12 07:50:12 piconha2.jpg ckb9jtd2514wm0yejb3816ah0 410 Gone
2020-06-15 11:39:25 penha_garcia1.jpg ckb9klb8515dq0yeje5qq8i6n 410 Gone
2020-06-15 11:39:27 penha_garcia1.jpg ckb9knl98001u0ycq5b5v3yee 410 Gone
2020-06-15 11:51:58 monsaraz2.jpg ckbb1s5zc0uub0zakebsucncv 503 Service Unavailable
2020-06-18 14:38:02 elvas2.jpg ckb16dq3w00l80ya3b9b7bn7z 503 Service Unavailable
2020-06-18 14:39:11 penha_garcia1.jpg ckb9klb8515dq0yeje5qq8i6n 410 Gone
2020-06-18 14:39:12 penha_garcia1.jpg ckb9knl98001u0ycq5b5v3yee 410 Gone
2020-06-18 15:36:44 penha_garcia1.jpg ckb9klb8515dq0yeje5qq8i6n 410 Gone
2020-06-18 15:36:46 penha_garcia1.jpg ckb9knl98001u0ycq5b5v3yee 410 Gone
2020-06-18 15:53:39 freixo_de_espada_a_cinta2.jpg ckbb71pgk05t10y62agek1rsm 503 Service Unavailable
2020-06-18 16:40:57 olivenca2.jpg ckbb5tux110wv0zak2atz2z1m 503 Service Unavailable
2020-06-18 19:31:37 penha_garcia1.jpg ckb9klb8515dq0yeje5qq8i6n 410 Gone
2020-06-18 19:31:39 penha_garcia1.jpg ckb9knl98001u0ycq5b5v3yee 410 Gone
2020-06-18 20:35:38 campo_maior2.jpg ckbgthp7r00ko0y812lkbdd30 410 Gone
2020-06-18 20:35:40 campo_maior2.jpg ckbgtlzo410u90y8nhxbm1sbk 410 Gone
2020-06-18 20:35:42 campo_maior2.jpg ckbgtmebj00ru0y8147wuglyr 410 Gone
2020-06-18 20:35:43 campo_maior2.jpg ckbgtp1c510yb0y8namya6i15 410 Gone
2020-06-18 20:35:45 campo_maior2.jpg ckbgtpgxe1am00yar9bpi58go 410 Gone
2020-06-18 20:35:47 campo_maior2.jpg ckbgtqgcn110t0y8n0hhndnhl 410 Gone
2020-06-18 20:35:51 campo_maior2.jpg ckbgtr7x3112i0y8n34r03wbl 410 Gone
2020-06-18 20:35:53 campo_maior2.jpg ckbgtscl61arm0yar1ohcbd76 410 Gone
2020-06-18 20:35:55 campo_maior2.jpg ckbgtsl9x11510y8n1dot2xy0 410 Gone
2020-06-18 20:35:56 campo_maior2.jpg ckbgtswr3001a0yci23yd0ynv 410 Gone
2020-06-18 20:35:58 campo_maior2.jpg ckbgtt7r1115k0y8n8xxzcddw 410 Gone
2020-06-18 20:36:00 campo_maior2.jpg ckbgtv43j004o0yci6dlrcc82 410 Gone
2020-06-18 20:36:01 campo_maior2.jpg ckbgtvexb1aw10yarguqf6ugy 410 Gone
2020-06-18 20:36:03 campo_maior2.jpg ckbgtvvt61ax50yar6xs81rr0 410 Gone
2020-06-18 20:36:05 campo_maior2.jpg ckbgtw3vm11a60y8n5thea3cf 410 Gone
2020-06-18 20:36:06 campo_maior2.jpg ckbgtwcl5006q0ycifqcphvrc 410 Gone
2020-06-18 20:36:08 campo_maior2.jpg ckbgtwu901m2c0yc89pif5iug 410 Gone
2020-06-18 20:36:09 campo_maior2.jpg ckbgtxeek008k0yci9xluclf6 410 Gone
2020-06-18 20:36:11 campo_maior2.jpg ckbgtxqt21m3d0yc88l3x4s9b 410 Gone
2020-06-18 20:36:12 campo_maior2.jpg ckbgty3pg009i0yciht0nf722 410 Gone
2020-06-18 20:36:14 campo_maior2.jpg ckbgtydxw1b0t0yarfe3f9u22 410 Gone
2020-06-18 20:36:15 campo_maior2.jpg ckbgtyrso11e20y8n7dxzfhhi 410 Gone
2020-06-18 20:36:18 campo_maior2.jpg ckbgtz3ap00b40yci3begd4mo 410 Gone
2020-06-18 20:36:19 campo_maior2.jpg ckbgtzl8w11fg0y8n2w19fwvl 410 Gone
2020-06-18 20:36:21 campo_maior2.jpg ckbgtzvfk1b320yar8s6ydew9 410 Gone
2020-06-18 20:36:23 campo_maior2.jpg ckbgu0cjd1m770yc8ashz1ey0 410 Gone
2020-06-18 20:36:25 campo_maior2.jpg ckbgu0kf600e60yci6kpd8lz4 410 Gone
2020-06-18 20:36:27 campo_maior2.jpg ckbgu0t841m8c0yc8esioaohu 410 Gone
2020-06-18 20:36:29 campo_maior2.jpg ckbgu145o11hy0y8n534m3go5 410 Gone
2020-06-18 20:36:31 campo_maior2.jpg ckbgu1qxl1b6s0yarh4dsaaa4 410 Gone
2020-06-18 20:36:32 campo_maior2.jpg ckbgu22mo1b7d0yarb3bt6oym 410 Gone
2020-06-18 20:36:33 campo_maior2.jpg ckbgu2cpz11js0y8n81ei20kc 410 Gone
2020-06-18 20:36:35 campo_maior2.jpg ckbgu2pei1mbd0yc8h8fngs17 410 Gone
2020-06-18 20:36:37 campo_maior2.jpg ckbgu2zrq1b8z0yare1uh5ffd 410 Gone
2020-06-18 20:36:38 campo_maior2.jpg ckbgu3lgi1b9t0yarae6o3et4 410 Gone
2020-06-18 20:36:40 campo_maior2.jpg ckbgu40dx1md30yc811kk6ye3 410 Gone
2020-06-18 20:36:42 campo_maior2.jpg ckbgu4bf71baw0yar0l4zfflv 410 Gone
2020-06-18 20:36:43 campo_maior2.jpg ckbgu58xm00m30yci9crs88mc 410 Gone
2020-06-18 20:36:45 campo_maior2.jpg ckbgu5ifk1bcj0yar6jm77q5o 410 Gone
2020-06-18 20:36:47 campo_maior2.jpg ckbgu5v0d1bd50yar4qpccmtu 410 Gone
2020-06-18 20:36:49 campo_maior2.jpg ckbgu6e5j00o30yciaca93npx 410 Gone
2020-06-18 20:36:51 campo_maior2.jpg ckbgu6mxx1mgp0yc8bu1cfwrz 410 Gone
2020-06-18 20:36:53 campo_maior2.jpg ckbgu6xu01bem0yarekq4349z 410 Gone
2020-06-18 20:36:54 campo_maior2.jpg ckbgu7czs1bfc0yarfmot0z2q 410 Gone
2020-06-18 20:36:56 campo_maior2.jpg ckbgu7mky1bfj0yar61tt7k7c 410 Gone
2020-06-18 20:36:58 campo_maior2.jpg ckbgu7vrq1bg00yarcug111rw 410 Gone
2020-06-18 20:36:59 campo_maior2.jpg ckbgu83cc11sa0y8n7b448u2j 410 Gone
2020-06-18 20:37:01 campo_maior2.jpg ckbgu8e8z1bgz0yar44gcc6y6 410 Gone
2020-06-18 20:37:02 campo_maior2.jpg ckbgu9x7511va0y8nd1pteiiy 410 Gone
2020-06-18 20:37:04 campo_maior2.jpg ckbgua6c91bkn0yar8lhrdf8s 410 Gone
2020-06-18 20:37:05 campo_maior2.jpg ckbguai2t1bl90yar8twz72mk 410 Gone
2020-06-18 20:37:07 campo_maior2.jpg ckbguas5z00vg0yci8ab41g5p 410 Gone
2020-06-18 20:37:09 campo_maior2.jpg ckbgub6ft1mp80yc8aklz583l 410 Gone
2020-06-18 20:37:11 campo_maior2.jpg ckbgubhnb11xs0y8n0wf1fk6u 410 Gone
2020-06-18 20:37:13 campo_maior2.jpg ckbgubzcl1mqc0yc8cv8o9pju 410 Gone
2020-06-18 20:37:15 campo_maior2.jpg ckbgucc0f11yv0y8n0hpb5vkf 410 Gone
2020-06-18 20:37:17 campo_maior2.jpg ckbgucvpb00z10yci32dpfuqd 410 Gone
2020-06-18 20:37:22 campo_maior2.jpg ckbgud5bw1bq70yar1z3kfuzd 410 Gone
2020-06-18 20:37:23 campo_maior2.jpg ckbgudgew1msf0yc83xs49c3l 410 Gone
2020-06-18 20:37:25 campo_maior2.jpg ckbgue8lq1mtd0yc8du2p84g0 410 Gone
2020-06-18 20:37:27 campo_maior2.jpg ckbguer6x1mu40yc818xk2evv 410 Gone
2020-06-18 20:37:29 campo_maior2.jpg ckbguf18p012b0ycifs50dh6q 410 Gone
2020-06-18 20:37:31 campo_maior2.jpg ckbgufixa1mv70yc8788f8zuz 410 Gone
2020-06-18 20:37:32 campo_maior2.jpg ckbgughn61mwl0yc87f8leuh8 410 Gone
2020-06-18 20:37:34 campo_maior2.jpg ckbgugwp01bvf0yareuuzddwj 410 Gone
2020-06-18 20:37:36 campo_maior2.jpg ckbguha6l126w0y8neu5f7a0h 410 Gone
2020-06-18 20:37:38 campo_maior2.jpg ckbguhoda1mz30yc87ln5f4ez 410 Gone
2020-06-18 20:37:40 campo_maior2.jpg ckbguhwmi1mzc0yc8cq26bh72 410 Gone
2020-06-18 20:37:41 campo_maior2.jpg ckbgui6no000h0y90c6mx4c3n 410 Gone
2020-06-18 20:37:43 campo_maior2.jpg ckbguimha000y0y90h8bmayma 410 Gone
2020-06-18 20:37:44 campo_maior2.jpg ckbguj0ok00150yal30rhb35f 410 Gone
2020-06-18 20:37:46 campo_maior2.jpg ckbgujarh001d0yalg0ml7onp 410 Gone
2020-06-18 20:37:47 campo_maior2.jpg ckbgukx11002x0y90029e6any 410 Gone
2020-06-18 20:37:49 campo_maior2.jpg ckbgul8wt1n1w0yc86txgghum 410 Gone
2020-06-18 20:37:51 campo_maior2.jpg ckbgulpiw003k0yale0j6f3h4 410 Gone
2020-06-18 20:37:53 campo_maior2.jpg ckbgum0ij12b40y8nab140ruo 410 Gone
2020-06-18 20:37:54 campo_maior2.jpg ckbgumbjs004b0y902k489vb6 410 Gone
2020-06-18 20:37:56 campo_maior2.jpg ckbgumv4u12bu0y8n08tg7w0j 410 Gone
2020-06-18 20:37:58 campo_maior2.jpg ckbgunbep005m0y9005byfbw6 410 Gone
2020-06-18 20:37:59 campo_maior2.jpg ckbgunns61n4g0yc886qv72rs 410 Gone
2020-06-18 20:38:00 campo_maior2.jpg ckbguo1yy12d80y8n5n16fxj6 410 Gone
2020-06-18 20:38:02 campo_maior2.jpg ckbguorg3006p0yal2sl56ttm 410 Gone
2020-06-18 20:38:04 campo_maior2.jpg ckbgup9fh1c540yarely3esr1 410 Gone
2020-06-18 20:38:06 campo_maior2.jpg ckbguq1qo12fb0y8n10ldacmg 410 Gone
2020-06-18 20:38:08 campo_maior2.jpg ckbguqiup008n0y900nlw69w4 410 Gone
2020-06-18 20:38:09 campo_maior2.jpg ckbgurbxr009i0yal262ihoj0 410 Gone
2020-06-18 20:38:11 campo_maior2.jpg ckbgurp48002w0z92b6fk69ln 410 Gone
2020-06-18 20:38:12 campo_maior2.jpg ckbgus3jm00390z922hrh7v7d 410 Gone
2020-06-18 20:38:14 campo_maior2.jpg ckbgusl4q1c890yar6n6j61ew 410 Gone
2020-06-18 20:38:16 campo_maior2.jpg ckbgut1lw00430z926el8h43j 410 Gone
2020-06-18 20:38:18 campo_maior2.jpg ckbgut9yx004a0z92fk3l7kws 410 Gone
2020-06-18 20:38:20 campo_maior2.jpg ckbgutl4p1c9c0yar108laquw 410 Gone
2020-06-18 20:38:21 campo_maior2.jpg ckbgutx9j004x0z921myzgi0w 410 Gone
2020-06-18 20:38:23 campo_maior2.jpg ckbguudbt00ca0yalci0592gi 410 Gone
2020-06-18 20:38:25 campo_maior2.jpg ckbguuo4700d40y901eag4kyo 410 Gone
2020-06-18 20:38:27 campo_maior2.jpg ckbguv2q700640z92dviw3jka 410 Gone
2020-06-18 20:38:28 campo_maior2.jpg ckbguvdqn00dc0yal7afzgtgv 410 Gone
2020-06-18 20:38:30 campo_maior2.jpg ckbguvqg51cbn0yar1s6d1qx2 410 Gone
2020-06-18 20:38:33 campo_maior2.jpg ckbguw2a51neu0yc815fu001f 410 Gone
2020-06-18 20:38:34 campo_maior2.jpg ckbguwd5q12nh0y8ngg4id9ts 410 Gone
2020-06-18 20:38:36 campo_maior2.jpg ckbguwuqh12o10y8n20y8ey8f 410 Gone
2020-06-18 20:38:38 campo_maior2.jpg ckbgux9g91ceg0yar3agj2dsw 410 Gone
2020-06-18 20:38:39 campo_maior2.jpg ckbguxnj512p90y8n0oox5487 410 Gone
2020-06-18 20:38:41 campo_maior2.jpg ckbguxyho1cfb0yar53888j1l 410 Gone
2020-06-18 20:38:43 campo_maior2.jpg ckbguyczh00i80yaldrx5asbo 410 Gone
2020-06-18 20:38:45 campo_maior2.jpg ckbguyqvf00in0yald2nb92vc 410 Gone
2020-06-18 20:38:46 campo_maior2.jpg ckbguz5jg12rk0y8n7p1d5lyw 410 Gone
2020-06-18 20:38:48 campo_maior2.jpg ckbguzxjs12sn0y8n37125f27 410 Gone
2020-06-18 20:38:50 campo_maior2.jpg ckbgv0gbm12td0y8n3gba3pxs 410 Gone
2020-06-18 20:38:51 campo_maior2.jpg ckbgv0t6c1cje0yar0u2b4xlb 410 Gone
2020-06-18 20:38:52 campo_maior2.jpg ckbgv13hj12ux0y8nfvbegvvs 410 Gone
2020-06-18 20:38:54 campo_maior2.jpg ckbgv1ekv1ck70yar9jox9g46 410 Gone
2020-06-18 20:38:55 campo_maior2.jpg ckbgv1ubp12vm0y8n8mv2b8wb 410 Gone
2020-06-18 20:38:57 campo_maior2.jpg ckbgvj0bq1d5m0yardti37x0x 410 Gone
2020-06-18 20:38:59 campo_maior2.jpg ckbgvjant1oaa0yc84lfygeq7 410 Gone
2020-06-18 20:39:01 campo_maior2.jpg ckbgvjuqq1d6w0yarakms5ceh 410 Gone
2020-06-18 20:39:02 campo_maior2.jpg ckbgvk5ur13it0y8n40ajhutj 410 Gone
2020-06-18 20:39:04 campo_maior2.jpg ckbgvkjqi1obz0yc8btbqabdb 410 Gone
2020-06-18 20:39:06 campo_maior2.jpg ckbgvkwkx13k50y8n5v1103m6 410 Gone
2020-06-18 20:39:11 campo_maior2.jpg ckbgvl9ln13kk0y8n0hdnhapw 410 Gone
2020-06-18 20:39:12 campo_maior2.jpg ckbgvlsqm1oe30yc85k240ujg 410 Gone
2020-06-18 20:39:14 campo_maior2.jpg ckbgvmd9701fc0yalbh6908es 410 Gone
2020-06-18 20:39:15 campo_maior2.jpg ckbgvmsob13n90y8ndbfbctwh 410 Gone
2020-06-18 20:39:17 campo_maior2.jpg ckbgvn3bn01g20yalbpf00jvk 410 Gone
2020-06-18 20:39:18 campo_maior2.jpg ckbgvnhas1dcm0yarca6kgq2o 410 Gone
2020-06-18 20:39:19 campo_maior2.jpg ckbgvnwy401hj0yal6v0i3rg8 410 Gone
2020-06-18 20:39:21 campo_maior2.jpg ckbgvo90p01hv0yal9upx104j 410 Gone
2020-06-18 20:39:23 campo_maior2.jpg ckbgvoozu01id0yal43fh93bw 410 Gone
2020-06-18 20:39:25 campo_maior2.jpg ckbgvp0zt13ph0y8ndaxzhb25 410 Gone
2020-06-18 20:39:27 campo_maior2.jpg ckbgvpjbf1dfa0yar9q12ex1a 410 Gone
2020-06-18 20:39:28 campo_maior2.jpg ckbgvpvac13qr0y8n720se7qf 410 Gone
2020-06-18 20:39:30 campo_maior2.jpg ckbgvq6ar1dga0yarcl4i2mfx 410 Gone
2020-06-18 20:39:32 campo_maior2.jpg ckbgvqmkg13s60y8nhcyb4qbr 410 Gone
2020-06-18 20:39:34 campo_maior2.jpg ckbgvr7cs1dhz0yar2l8c4wti 410 Gone
2020-06-18 20:39:36 campo_maior2.jpg ckbgvrlwc1dik0yarcftg9s5z 410 Gone
2020-06-18 20:39:37 campo_maior2.jpg ckbgvs780148f0y8n4jhv6y1o 410 Gone
2020-06-18 20:39:40 campo_maior2.jpg ckbgvslie1oni0yc81zc3cjnp 410 Gone
2020-06-18 20:39:41 campo_maior2.jpg ckbgvszwc1ooi0yc82bstbfqb 410 Gone
2020-06-18 20:39:42 campo_maior2.jpg ckbgvtfcj004z0yaj57byeo4l 410 Gone
2020-06-18 20:39:44 campo_maior2.jpg ckbgvu11v1dmp0yarh25sexpu 410 Gone
2020-06-18 20:39:46 campo_maior2.jpg ckbgvuce11oqy0yc86p9bhk7f 410 Gone
2020-06-18 20:39:47 campo_maior2.jpg ckbgvushj000d0y8x6n1va50i 410 Gone
2020-06-18 20:39:49 campo_maior2.jpg ckbgvv4d814e30y8n7aqs9kzn 410 Gone
2020-06-18 20:39:51 campo_maior2.jpg ckbgvvegh1os60yc80ro31w97 410 Gone
2020-06-18 20:39:53 campo_maior2.jpg ckbgvvsqp14f90y8n9rzv1o5z 410 Gone
2020-06-18 20:39:55 campo_maior2.jpg ckbgvw7gz14fw0y8nf8zgcefb 410 Gone
2020-06-18 20:39:56 campo_maior2.jpg ckbgvwo9n1ott0yc8fxu5ef9q 410 Gone
2020-06-18 20:39:58 campo_maior2.jpg ckbgvxazj00q90yaj92fx7lpv 410 Gone
2020-06-18 20:40:00 campo_maior2.jpg ckbgvxyeh00540y8x4o6e06ep 410 Gone
2020-06-18 20:40:02 campo_maior2.jpg ckbgvy9m000rr0yaj9dtoffin 410 Gone
2020-06-18 20:40:04 campo_maior2.jpg ckbgvykpk00sf0yaj94cyg2rp 410 Gone
2020-06-18 20:40:06 campo_maior2.jpg ckbgvyzgq1ox60yc87w1g6xgn 410 Gone
2020-06-18 20:40:08 campo_maior2.jpg ckbgvzb14008h0y8x077udx44 410 Gone
2020-06-18 20:40:10 campo_maior2.jpg ckbgvzomo1dvc0yarfjdi92ab 410 Gone
2020-06-18 20:40:12 campo_maior2.jpg ckbgw023j1ozf0yc81t9c51yv 410 Gone
2020-06-18 20:40:14 campo_maior2.jpg ckbgw0gp61ozx0yc87fe18ch4 410 Gone
2020-06-18 20:40:15 campo_maior2.jpg ckbgw0sou14n30y8nf1vx9dgd 410 Gone
2020-06-18 20:40:17 campo_maior2.jpg ckbgw1idj1p1l0yc8adk1h41u 410 Gone
2020-06-18 20:40:19 campo_maior2.jpg ckbgw203914op0y8n1dwd1csg 410 Gone
2020-06-18 20:40:21 campo_maior2.jpg ckbgw2c9f1dzt0yarc8iw3pdf 410 Gone
2020-06-18 20:40:22 campo_maior2.jpg ckbgw2p4t1e0m0yararfbby0a 410 Gone
2020-06-18 20:40:24 campo_maior2.jpg ckbgw34ha14r40y8neb4912by 410 Gone
2020-06-18 20:40:25 campo_maior2.jpg ckbgw3ifa010w0yajhgsq4wcq 410 Gone
2020-06-18 20:40:27 campo_maior2.jpg ckbgw3v6314sq0y8n8c1icad4 410 Gone
2020-06-18 20:40:29 campo_maior2.jpg ckbgw4djh1pm50yc8elskgo5t 410 Gone
2020-06-18 20:40:31 campo_maior2.jpg ckbgw5d6i1e5j0yarexux8q0w 410 Gone
2020-06-18 20:40:32 campo_maior2.jpg ckbgw65c31ppm0yc8dg1p9pji 410 Gone
2020-06-18 20:40:34 campo_maior2.jpg ckbgw6k5r1e7y0yarbnca7ktt 410 Gone
2020-06-18 20:40:36 campo_maior2.jpg ckbgw6x9301860yaj6yvh5fga 410 Gone
2020-06-18 20:40:38 campo_maior2.jpg ckbgw7bp61prz0yc8gx25c2zq 410 Gone
2020-06-18 20:40:40 campo_maior2.jpg ckbgw7pfl15010y8n2qbe47ph 410 Gone
2020-06-18 20:40:41 campo_maior2.jpg ckbgw85ox1eav0yar244t3mnd 410 Gone
2020-06-18 20:40:43 campo_maior2.jpg ckbgw9dp11pv10yc8fyw3gre5 410 Gone
2020-06-18 20:40:45 campo_maior2.jpg ckbgw9so0153u0y8nhspx29zp 410 Gone
2020-06-18 20:40:46 campo_maior2.jpg ckbgwa95e1pw00yc85vw88gie 410 Gone
2020-06-18 20:40:48 campo_maior2.jpg ckbgwao1501dw0yaj6mqbd4te 410 Gone
2020-06-18 20:40:50 campo_maior2.jpg ckbgwb1ef155i0y8n0ldc2o4w 410 Gone
2020-06-18 20:40:52 campo_maior2.jpg ckbgwbitr1egz0yarbi1xd6l0 410 Gone
2020-06-18 20:40:53 campo_maior2.jpg ckbgwc7gi1pyh0yc849eb2993 410 Gone
2020-06-18 20:40:55 campo_maior2.jpg ckbgwci8g157j0y8nh4vb6phv 410 Gone
2020-06-18 20:40:57 campo_maior2.jpg ckbgwcvc201gy0yaj6zb9bzva 410 Gone
2020-06-18 20:40:59 campo_maior2.jpg ckbgwdb16158e0y8n6s0tctu7 410 Gone
2020-06-18 20:41:01 campo_maior2.jpg ckbgwdwxe1el60yaraondfhfh 410 Gone
2020-06-18 20:41:03 campo_maior2.jpg ckbgwef491elu0yar47g19e4s 410 Gone
2020-06-18 20:41:04 campo_maior2.jpg ckbgwf0kx000o0yaf8j3u3ieo 410 Gone
2020-06-18 20:41:06 campo_maior2.jpg ckbgwff4y001c0ya21ly94h6d 410 Gone
2020-06-18 20:41:08 campo_maior2.jpg ckbgwfrtf001f0yaf5ctn16yp 410 Gone
2020-06-18 20:41:10 campo_maior2.jpg ckbgwi0xt15d00y8n83ul2twl 410 Gone
2020-06-18 20:41:12 campo_maior2.jpg ckbgwifj5004d0yafdqx5d7lu 410 Gone
2020-06-18 20:41:14 campo_maior2.jpg ckbgwiu3815dx0y8n0iwb9jkm 410 Gone
2020-06-18 20:41:16 campo_maior2.jpg ckbgwjdzu004j0ya24g3ua9bg 410 Gone
2020-06-18 20:41:18 campo_maior2.jpg ckbgwkq3501p80yajgj9xcz8j 410 Gone
2020-06-18 20:41:19 campo_maior2.jpg ckbgwl8ox006c0yaf56be8gt7 410 Gone
2020-06-18 20:41:21 campo_maior2.jpg ckbgwlm731erz0yar9wfr303i 410 Gone
2020-06-18 20:41:23 campo_maior2.jpg ckbgwm1cp1q8v0yc8dybrad70 410 Gone
2020-06-18 20:41:25 campo_maior2.jpg ckbgwme76007j0yafhx9x1i3u 410 Gone
2020-06-18 20:41:27 campo_maior2.jpg ckbgwmrcf00850ya25vcr3ahq 410 Gone
2020-06-18 20:41:28 campo_maior2.jpg ckbgwn9fm01rn0yajgfxf6pi3 410 Gone
2020-06-18 20:41:30 campo_maior2.jpg ckbgwnloy15i60y8nbr9y2a8z 410 Gone
2020-06-18 20:41:32 campo_maior2.jpg ckbgwnzmx008z0yaf5y75g6zh 410 Gone
2020-06-18 20:41:34 campo_maior2.jpg ckbgwoaed1qaj0yc8fkhjeyn3 410 Gone
2020-06-18 20:41:36 campo_maior2.jpg ckbgwpc3j1evq0yar914y9l9x 410 Gone
2020-06-18 20:41:38 campo_maior2.jpg ckbgwpx9r1ewa0yar1s9veuvy 410 Gone
2020-06-18 20:41:40 campo_maior2.jpg ckbgwqo1v01vc0yaj0sh53awq 410 Gone
2020-06-18 20:41:41 campo_maior2.jpg ckbgwras71exn0yar3ktk2r8k 410 Gone
2020-06-18 20:41:43 campo_maior2.jpg ckbgwrmwj00bj0yafgli50k1p 410 Gone
2020-06-18 20:41:46 campo_maior2.jpg ckbgwrwli01w20yaj483zcyqy 410 Gone
2020-06-18 20:41:47 campo_maior2.jpg ckbgwscy21ey90yar7uoc38e5 410 Gone
2020-06-18 20:41:50 campo_maior2.jpg ckbgwssot1eyg0yarcm3kemgr 410 Gone
2020-06-18 20:41:51 campo_maior2.jpg ckbgwt7b800d70yafepxicsa9 410 Gone
2020-06-18 20:41:53 campo_maior2.jpg ckbgwtpq11eyw0yar92q3gcxm 410 Gone
2020-06-18 20:41:54 campo_maior2.jpg ckbgwu79i00e90yafgu1z7j8i 410 Gone
2020-06-18 20:41:57 campo_maior2.jpg ckbgwupfj15nt0y8na1vm0ts4 410 Gone
2020-06-18 20:41:59 campo_maior2.jpg ckbgwv8tg01z20yajefu47urj 410 Gone
2020-06-18 20:42:01 campo_maior2.jpg ckbgwvz8t1f1i0yar6q1mfzgj 410 Gone
2020-06-18 20:42:02 campo_maior2.jpg ckbgwwcu31qi50yc883ci24ct 410 Gone
2020-06-18 20:42:04 campo_maior2.jpg ckbgwx5x102190yaj5qgl5z4v 410 Gone
2020-06-18 20:42:06 campo_maior2.jpg ckbgwxn3d00hh0yaf8rxafnzu 410 Gone
2020-06-18 20:42:07 campo_maior2.jpg ckbgwy1nw00i10yaf2qtz82wk 410 Gone
2020-06-18 20:42:09 campo_maior2.jpg ckbgwyjwx1qkm0yc8b8l7b6xh 410 Gone
2020-06-18 20:42:11 campo_maior2.jpg ckbgwzhke00ji0yafdev82cgo 410 Gone
2020-06-18 20:42:13 campo_maior2.jpg ckbgwzy061f630yar54eg2gpx 410 Gone
2020-06-18 20:42:15 campo_maior2.jpg ckbgx0qy6025a0yajdt3phiit 410 Gone
2020-06-18 20:42:17 campo_maior2.jpg ckbgx1aab1qn80yc8cjiafh7w 410 Gone
2020-06-18 20:42:19 campo_maior2.jpg ckbgx1rji15wx0y8ncvaeh8fe 410 Gone
2020-06-18 20:42:20 campo_maior2.jpg ckbgx26yp026u0yajb4ipg1i2 410 Gone
2020-06-18 20:42:22 campo_maior2.jpg ckbgx2qxo15y90y8nd86kauj3 410 Gone
2020-06-18 20:42:27 campo_maior2.jpg ckbgx37bh1qq20yc88nws8hh5 410 Gone
2020-06-18 20:42:31 campo_maior2.jpg ckbgx3or715zh0y8nh1ti3fde 410 Gone
2020-06-18 20:42:32 campo_maior2.jpg ckbgx4enq029k0yaj1u83b3fy 410 Gone
2020-06-18 20:42:34 campo_maior2.jpg ckbgx4wls00qh0yafhvn32e6b 410 Gone
2020-06-18 20:42:36 campo_maior2.jpg ckbgx5ldn02ap0yaj4d8fghqf 410 Gone
2020-06-18 20:42:38 campo_maior2.jpg ckbgx62lc16220y8n1mx135od 410 Gone
2020-06-18 20:42:40 campo_maior2.jpg ckbgx6rat1fds0yar3m961a8i 410 Gone
2020-06-18 20:42:41 campo_maior2.jpg ckbgx79e716310y8n532devv7 410 Gone
2020-06-18 20:42:43 campo_maior2.jpg ckbgx83jm02ce0yaj2ss39rc9 410 Gone
2020-06-18 20:42:45 campo_maior2.jpg ckbgx8grw02ci0yaj7qbv52iz 410 Gone
2020-06-18 20:42:46 campo_maior2.jpg ckbgx8xcs1qv30yc85kkz5zj3 410 Gone
2020-06-18 20:42:48 campo_maior2.jpg ckbgx9gn702cu0yaj50c82ggm 410 Gone
2020-06-18 20:42:49 campo_maior2.jpg ckbgx9wqg02d50yaj7dnqdkch 410 Gone
2020-06-18 20:42:51 campo_maior2.jpg ckbgxahcv001j0yc929qd7z2b 410 Gone
2020-06-18 20:42:52 campo_maior2.jpg ckbgxazl102dn0yajd0b1ds8x 410 Gone
2020-06-18 20:42:54 campo_maior2.jpg ckbgxbhg7165e0y8n8j4xd2ms 410 Gone
2020-06-18 20:42:55 campo_maior2.jpg ckbgxbvr202e50yaj1gc0d92g 410 Gone
2020-06-18 20:42:57 campo_maior2.jpg ckbgxccsr1qwl0yc80qdldlr2 410 Gone
2020-06-18 20:42:58 campo_maior2.jpg ckbgxd3y61qx50yc8acyn5j3o 410 Gone
2020-06-18 20:43:00 campo_maior2.jpg ckbgxdnce002s0yc91nqo91zk 410 Gone
2020-06-18 20:43:03 campo_maior2.jpg ckbgxefgy00330yc9dky9cq1g 410 Gone
2020-06-18 20:43:04 campo_maior2.jpg ckbgxfa86003d0yc9an4bckcj 410 Gone
2020-06-18 20:43:06 campo_maior2.jpg ckbgxfsw1003o0yc9gocb5iib 410 Gone
2020-06-18 20:43:08 campo_maior2.jpg ckbgxg8h400w80yaf9w6f76a3 410 Gone
2020-06-18 20:43:10 campo_maior2.jpg ckbgxgrcd1fib0yar5z5q8xiu 410 Gone
2020-06-18 20:43:11 campo_maior2.jpg ckbgxhcg0004b0yc95peah7yj 410 Gone
2020-06-18 20:43:13 campo_maior2.jpg ckbgxi6121r070yc82eppfiyy 410 Gone
2020-06-18 20:43:14 campo_maior2.jpg ckbgxiuj300xc0yafgldhatlq 410 Gone
2020-06-18 20:43:16 campo_maior2.jpg ckbgxjl9f16a10y8n83d56oj0 410 Gone
2020-06-18 20:43:18 campo_maior2.jpg ckbgxk60i16a60y8nevhu1jsf 410 Gone
2020-06-18 20:43:19 campo_maior2.jpg ckbgxl3nr1fk80yar5scw2b18 410 Gone
2020-06-18 20:43:21 campo_maior2.jpg ckbgxloek16b10y8n483543xv 410 Gone
2020-06-18 20:43:23 campo_maior2.jpg ckbgxpezo1r4d0yc8bo2e3dr2 410 Gone
2020-06-18 20:43:24 campo_maior2.jpg ckbgxqvix16dw0y8nb7sj6lfg 410 Gone
2020-06-18 20:43:26 campo_maior2.jpg ckbgxs6km16ej0y8n2vc50o31 410 Gone
2020-06-18 20:43:28 campo_maior2.jpg ckbgxt0tw16eu0y8n3xt36dr8 410 Gone
2020-06-18 20:43:30 campo_maior2.jpg ckbgxuq0n1fpo0yarg14ufdvu 410 Gone
2020-06-18 20:43:32 campo_maior2.jpg ckbgxw95n16he0y8ngrnj0rrm 410 Gone
2020-06-18 20:43:34 campo_maior2.jpg ckbgxxmov02pk0yajf0r2c4l9 410 Gone
2020-06-18 20:43:35 campo_maior2.jpg ckbgxynbf02q10yajaupbgwi7 410 Gone
2020-06-18 20:43:38 campo_maior2.jpg ckbgy04q802qi0yaj9cnvhtt9 410 Gone
2020-06-18 20:43:39 campo_maior2.jpg ckbgy10511raw0yc8drb6fx68 410 Gone
2020-06-18 20:43:41 campo_maior2.jpg ckbgy23rd1ftm0yarhj8q3gbv 410 Gone
2020-06-18 20:43:43 campo_maior2.jpg ckbgy3ifz1rci0yc86j36e7rq 410 Gone
2020-06-18 20:43:45 campo_maior2.jpg ckbgy4qby1rdf0yc8czwu74l1 410 Gone
2020-06-18 20:43:47 campo_maior2.jpg ckbgy5o4y16mc0y8n98z63yph 410 Gone
2020-06-18 20:43:49 campo_maior2.jpg ckbgy7aq016mz0y8nhapv80oy 410 Gone
2020-06-18 20:43:50 campo_maior2.jpg ckbgygq531fzd0yar9vpf5u98 410 Gone
2020-06-18 20:43:52 campo_maior2.jpg ckbgyizht1fzw0yarf6b98xex 410 Gone
2020-06-18 20:43:54 campo_maior2.jpg ckbgyl9is006c0ybtaorb9hsk 410 Gone
2020-06-18 20:43:56 campo_maior2.jpg ckbgyn74q1g290yar57wdd3ll 410 Gone
2020-06-18 20:43:58 campo_maior2.jpg ckbgyp0h91rlg0yc87fx6flik 410 Gone
2020-06-18 20:43:59 campo_maior2.jpg ckbgyqeop1g430yardufwbvh1 410 Gone
2020-06-18 20:44:02 campo_maior2.jpg ckbgysak41g5b0yar0vf0gx6a 410 Gone
2020-06-18 20:44:04 campo_maior2.jpg ckbgytqps1rpj0yc8h031fs8x 410 Gone
2020-06-18 20:44:05 campo_maior2.jpg ckbgyv8hv000i0zbtcituh9b0 410 Gone
2020-06-18 20:44:07 campo_maior2.jpg ckbgyy7kg001c0zbth8co53in 410 Gone
2020-06-18 20:44:09 campo_maior2.jpg ckbgyzs4t1rrx0yc89075f70t 410 Gone
2020-06-18 20:44:10 campo_maior2.jpg ckbgz1bzr1rsd0yc87mmp5255 410 Gone
2020-06-18 20:44:12 campo_maior2.jpg ckbgz3ak8170l0y8n3dzz5fp8 410 Gone
2020-06-18 20:44:14 campo_maior2.jpg ckbgz57b31ru70yc89f940gsx 410 Gone
2020-06-18 20:44:16 campo_maior2.jpg ckbgz6ghz171n0y8n3zo91dd0 410 Gone
2020-06-18 20:44:18 campo_maior2.jpg ckbgz7e861gd30yar6oqx1tyj 410 Gone
2020-06-18 20:44:20 campo_maior2.jpg ckbgz8rrr1rvn0yc8aphbf10z 410 Gone
2020-06-18 20:44:21 campo_maior2.jpg ckbgz9x2v173m0y8n8kss8tsn 410 Gone
2020-06-18 20:44:23 campo_maior2.jpg ckbgzb9ee1rwj0yc84n88aiag 410 Gone
2020-06-18 20:44:25 campo_maior2.jpg ckbhxyc6a000v0za4hgtk3g89 410 Gone
2020-06-18 20:44:27 campo_maior2.jpg ckbhxzvqo00220za46rx8dt54 410 Gone
2020-06-18 20:44:29 campo_maior2.jpg ckbhy2b4p003n0za4hzey5pse 410 Gone
2020-06-18 20:44:31 campo_maior2.jpg ckbhy4wh90puw0y795j2n393n 410 Gone
2020-06-18 20:44:32 campo_maior2.jpg ckbhy6fiw0myv0y8n5aibhh2p 410 Gone
2020-06-18 20:44:34 campo_maior2.jpg ckbhy7zbl0uz10yaw64415f45 410 Gone
2020-06-18 20:44:36 campo_maior2.jpg ckbhy9q6d0n020y8n535afgs7 410 Gone
2020-06-18 20:44:38 campo_maior2.jpg ckbhyatis0pxl0y794kk584ba 410 Gone
2020-06-18 20:44:39 campo_maior2.jpg ckbhydc190n220y8n84tg5sfl 410 Gone
2020-06-18 20:44:41 campo_maior2.jpg ckbhyexzq0pzg0y7975z70x0k 410 Gone
2020-06-18 20:44:43 campo_maior2.jpg ckbhygk8v0v310yaw19vxej9f 410 Gone
2020-06-18 20:44:44 campo_maior2.jpg ckbhyi97q0ust0zcdha0b2tv2 410 Gone
2020-06-18 20:44:46 campo_maior2.jpg ckbhyk5od0v5d0yawdhhy0hlv 410 Gone
2020-06-18 20:44:48 campo_maior2.jpg ckbhym3c80v6i0yaw1ym84f1t 410 Gone
2020-06-18 20:44:50 campo_maior2.jpg ckbhynbeb0uv50zcdek5ic69x 410 Gone
2020-06-18 20:44:51 campo_maior2.jpg ckbhyonze0uwa0zcde9da4xth 410 Gone
2020-06-18 20:44:53 campo_maior2.jpg ckbhyptee0q6u0y7913gzep0j 410 Gone
2020-06-18 20:44:55 campo_maior2.jpg ckbhyre1n0vbj0yawc2pye6p5 410 Gone
2020-06-18 20:44:56 campo_maior2.jpg ckbhytb7u0uet0yc95tcuh2zd 410 Gone
2020-06-18 20:44:57 campo_maior2.jpg ckbhyvnrr0v1p0zcd5e8eb0g6 410 Gone
2020-06-18 20:44:59 campo_maior2.jpg ckbhyxwqf0uiq0yc9e1vbc854 410 Gone
2020-06-18 20:45:01 campo_maior2.jpg ckbhyzvhh0v4n0zcdg0rv7rj5 410 Gone
2020-06-18 20:45:03 campo_maior2.jpg ckbhz14b700390ycp8bvz7a08 410 Gone
2020-06-18 20:45:04 campo_maior2.jpg ckbhz29q80vk70yawa6chbsqp 410 Gone
2020-06-18 20:45:06 campo_maior2.jpg ckbhz3r3d0qhu0y798nsqauh8 410 Gone
2020-06-18 20:45:08 campo_maior2.jpg ckbhz4ujw0nll0y8n1b56c2ol 410 Gone
2020-06-18 20:45:10 campo_maior2.jpg ckbhz69sy0v9k0zcda92b6aex 410 Gone
2020-06-18 20:45:12 campo_maior2.jpg ckbhz7cg30qkz0y791pch6b9s 410 Gone
2020-06-18 20:45:13 campo_maior2.jpg ckbhz8gyx0vp30yaw7gv932om 410 Gone
2020-06-18 20:45:16 campo_maior2.jpg ckbhzapn60vd00zcdgbc445ry 410 Gone
2020-06-18 20:45:17 campo_maior2.jpg ckbhzcqug00b20ycp78143f76 410 Gone
2020-06-18 20:45:19 campo_maior2.jpg ckbhzeqdj0nt40y8nag9zcw6u 410 Gone
2020-06-18 20:45:21 campo_maior2.jpg ckbhzgphg00dc0ycp7tqtbg71 410 Gone
2020-06-18 20:45:24 campo_maior2.jpg ckbhzhk5800e10ycp8f6v10np 410 Gone
2020-06-18 20:45:25 campo_maior2.jpg ckbhzi23s0uxd0yc9dh4154uq 410 Gone
2020-06-18 20:45:27 campo_maior2.jpg ckbhzjssx00ft0ycpa34h3zcm 410 Gone
2020-06-18 20:45:29 campo_maior2.jpg ckbhzkfoj0vkb0zcd56dafnfw 410 Gone
2020-06-18 20:45:31 campo_maior2.jpg ckbhzmtpe00i80ycpdjm53b3h 410 Gone
2020-06-18 20:45:32 campo_maior2.jpg ckbhzpzze0o0s0y8n039dgjfz 410 Gone
2020-06-18 20:45:34 campo_maior2.jpg ckbi0ctuf0vz70zcdaojkb7g7 410 Gone
2020-06-18 20:45:36 campo_maior2.jpg ckbi0dza50r9t0y797i3523ct 410 Gone
2020-06-18 20:45:38 campo_maior2.jpg ckbi0hmkx0wgl0yaw08zz2yok 410 Gone
2020-06-18 20:45:39 campo_maior2.jpg ckbi0jkxr0w2n0zcd74h1c3nm 410 Gone
2020-06-18 20:45:41 campo_maior2.jpg ckbi0le37012d0ycp84w3gnkk 410 Gone
2020-06-18 20:45:42 campo_maior2.jpg ckbi0mal30rdv0y7938df8i1n 410 Gone
2020-06-18 20:45:44 campo_maior2.jpg ckbi0n8ap0wjf0yawdxifb3q7 410 Gone
2020-06-18 20:45:46 campo_maior2.jpg ckbi0ow46015d0ycp9qp806my 410 Gone
2020-06-18 20:45:48 campo_maior2.jpg ckbi0pxsl0om50y8ndejb2kbq 410 Gone
2020-06-18 20:45:50 campo_maior2.jpg ckbi0ruos0wne0yawalo7ghfp 410 Gone
2020-06-18 20:45:51 campo_maior2.jpg ckbi0t6ti0w960zcd3ii2d1o2 410 Gone
2020-06-18 20:45:53 campo_maior2.jpg ckbi0v8fs0vo50yc9g5or002p 410 Gone
2020-06-18 20:45:54 campo_maior2.jpg ckbi0wg3g0rk10y79gh1faby3 410 Gone
2020-06-18 20:45:56 campo_maior2.jpg ckbi0xqk80wqg0yaw5ppocm0u 410 Gone
2020-06-18 20:45:57 campo_maior2.jpg ckbi0yypr01ar0ycp2qkf237g 410 Gone
2020-06-18 20:45:59 campo_maior2.jpg ckbi10h5l0org0y8nhce9gfip 410 Gone
2020-06-18 20:46:01 campo_maior2.jpg ckbi121kp0wu00yaw1ig58a2g 410 Gone
2020-06-18 20:46:02 campo_maior2.jpg ckbi14nj70wvf0yaw112x8js0 410 Gone
2020-06-18 20:46:04 campo_maior2.jpg ckbi1ae5f01f10ycp2n9g00p5 410 Gone
2020-06-18 20:46:06 campo_maior2.jpg ckbi1g7gc0wiu0zcd8cgqdur6 410 Gone
2020-06-18 20:46:08 campo_maior2.jpg ckbi1nsrt01o40ycpexfk4uta 410 Gone
2020-06-18 20:46:10 campo_maior2.jpg ckbi1p8pu0p2g0y8n2wk9ebhw 410 Gone
2020-06-18 20:46:11 campo_maior2.jpg ckbi1qbc80p310y8na2im5jeb 410 Gone
2020-06-18 20:46:13 campo_maior2.jpg ckbi1rjr001pm0ycpa84xfij4 410 Gone
2020-06-18 20:46:14 campo_maior2.jpg ckbi1sl2r0ry40y7908ao9srz 410 Gone
2020-06-18 20:46:16 campo_maior2.jpg ckbi1tpia0w4k0yc97z132g0k 410 Gone
2020-06-18 20:46:18 campo_maior2.jpg ckbi1upwa0w5g0yc976ap5r7i 410 Gone
2020-06-18 20:46:19 campo_maior2.jpg ckbi1vp3t0wpf0zcdcoqh1frm 410 Gone
2020-06-18 20:46:21 campo_maior2.jpg ckbi1x5pz000r0y94cr41cmfu 410 Gone
2020-06-18 20:46:22 campo_maior2.jpg ckbi1xsst0s0j0y7969mq965p 410 Gone
2020-06-18 20:46:24 campo_maior2.jpg ckbi1z98c0wqd0zcdekq53smi 410 Gone
2020-06-18 20:46:25 campo_maior2.jpg ckbi20avm0x9t0yaw0qx68r9l 410 Gone
2020-06-18 20:46:27 campo_maior2.jpg ckbi2180x0wr60zcdbw3hfrs6 410 Gone
2020-06-18 20:46:29 campo_maior2.jpg ckbi22ppb0xb10yawe3fwgwo1 410 Gone
2020-06-18 20:46:31 campo_maior2.jpg ckbi23r2g0p7n0y8nadlng9el 410 Gone
2020-06-18 20:46:32 campo_maior2.jpg ckbi24tnm0p850y8n0hqj7icj 410 Gone
2020-06-18 20:46:35 campo_maior2.jpg ckbi25tbl003t0y945qztft16 410 Gone
2020-06-18 20:46:36 campo_maior2.jpg ckbi276x20p920y8n86c215wr 410 Gone
2020-06-18 20:46:37 campo_maior2.jpg ckbi286kn0p9j0y8ng8n21bw7 410 Gone
2020-06-18 20:46:39 campo_maior2.jpg ckbi29jnj0s5u0y799haqaztu 410 Gone
2020-06-18 20:46:41 campo_maior2.jpg ckbi2a7jl0wbe0yc904wt48ea 410 Gone
2020-06-18 20:46:43 campo_maior2.jpg ckbi2as9m0xdi0yaw8e4i1qhf 410 Gone
2020-06-18 20:46:45 campo_maior2.jpg ckbi2hcpe0saj0y797p2m15m7 410 Gone
2020-06-18 20:46:47 campo_maior2.jpg ckbi2i5pb0saz0y798xhy44zk 410 Gone
2020-06-18 20:46:49 campo_maior2.jpg ckbi2jzng00bg0y940rms9aut 410 Gone
2020-06-18 20:46:50 campo_maior2.jpg ckbi2lnua0x130zcd9ucn1co5 410 Gone
2020-06-18 20:46:52 campo_maior2.jpg ckbi2mcp50ph70y8ngnb1c5xl 410 Gone
2020-06-18 20:46:53 campo_maior2.jpg ckbi2rgqn0pkn0y8n4pd60rvz 410 Gone
2020-06-18 20:46:55 campo_maior2.jpg ckbi2s0nv0x4r0zcd6394718q 410 Gone
2020-06-18 20:46:57 campo_maior2.jpg ckbi2sqtx0x580zcde6k30lsu 410 Gone
2020-06-18 20:47:00 campo_maior2.jpg ckbi2tfw90wlp0yc9g1v2gkya 410 Gone
2020-06-18 20:47:01 campo_maior2.jpg ckbi2u4k500io0y941j5o3arc 410 Gone
2020-06-18 20:47:02 campo_maior2.jpg ckbi2uugb0pm80y8n0fyp5mgj 410 Gone
2020-06-18 20:47:04 campo_maior2.jpg ckbi2vmga0xpk0yaw4fcrb9gs 410 Gone
2020-06-18 20:47:05 campo_maior2.jpg ckbi2w8ef0siv0y795g1x9wi3 410 Gone
2020-06-18 20:47:07 campo_maior2.jpg ckbi2wxw10wph0yc900lg7otl 410 Gone
2020-06-18 20:47:09 campo_maior2.jpg ckbi2xm7z0xr30yawavzugz6p 410 Gone
2020-06-18 20:47:11 campo_maior2.jpg ckbi2y6w30po80y8n57ht4qrh 410 Gone
2020-06-18 20:47:13 campo_maior2.jpg ckbi2z6sk00lj0y942bgscwr8 410 Gone
2020-06-18 20:47:15 campo_maior2.jpg ckbi2zrjn0xsh0yaw4kasdahv 410 Gone
2020-06-18 20:47:17 campo_maior2.jpg ckbi30hdl0xsz0yawedoa5nmf 410 Gone
2020-06-18 20:47:18 campo_maior2.jpg ckbi317cy0wsf0yc9a9vm3480 410 Gone
2020-06-18 20:47:21 campo_maior2.jpg ckbi322c90smm0y79dg151qpr 410 Gone
2020-06-18 20:47:22 campo_maior2.jpg ckbi32lku00oc0y94ey8476oi 410 Gone
2020-06-18 20:47:24 campo_maior2.jpg ckbi3383v0xv40yaw1qn93nu7 410 Gone
2020-06-18 20:47:26 campo_maior2.jpg ckbi33szq0xvt0yawfb0t5f5p 410 Gone
2020-06-18 20:47:28 campo_maior2.jpg ckbi34glk0soa0y79307l9ee0 410 Gone
2020-06-18 20:47:29 campo_maior2.jpg ckbi355iu0xwi0yaw2jqghf6y 410 Gone
2020-06-18 20:47:31 campo_maior2.jpg ckbi35uq00xwz0yawdt923ziq 410 Gone
2020-06-18 20:47:33 campo_maior2.jpg ckbi36jbo0ptq0y8n0003472z 410 Gone
2020-06-18 20:47:34 campo_maior2.jpg ckbi37c7900rm0y947o79dlye 410 Gone
2020-06-18 20:47:36 campo_maior2.jpg ckbi37xmo0wwn0yc9figd9hhr 410 Gone
2020-06-18 20:47:38 campo_maior2.jpg ckbi38fzm00sg0y94hko2hz02 410 Gone
2020-06-18 20:47:39 campo_maior2.jpg ckbi390xj0wxa0yc9foczhipt 410 Gone
2020-06-18 20:47:41 campo_maior2.jpg ckbi39ngd0stt0y794dyj56co 410 Gone
2020-06-18 20:47:44 campo_maior2.jpg ckbi3a9c80xgu0zcdbifj7e88 410 Gone
2020-06-18 20:47:46 campo_maior2.jpg ckbi3aqra0xhe0zcd818d0k1g 410 Gone
2020-06-18 20:47:48 campo_maior2.jpg ckbi3bgt10q2f0y8n50f48pzc 410 Gone
2020-06-18 20:47:50 campo_maior2.jpg ckbi3ccsn0x050yc9gs9vbtni 410 Gone
2020-06-18 20:47:52 campo_maior2.jpg ckbi3cvo70x0m0yc9asjj421d 410 Gone
2020-06-18 20:47:53 campo_maior2.jpg ckbi3dgf30q4o0y8n3enrgq8d 410 Gone
2020-06-18 20:47:55 campo_maior2.jpg ckbi3e2uq0q5j0y8nacy92s3x 410 Gone
2020-06-18 20:47:56 campo_maior2.jpg ckbi3eppz0x2t0yc937ni8i1h 410 Gone
2020-06-18 20:47:58 campo_maior2.jpg ckbi3fb7s0q6n0y8nbkq7gysz 410 Gone
2020-06-18 20:47:59 campo_maior2.jpg ckbi3fxv80q7l0y8n98ebgejj 410 Gone
2020-06-18 20:48:01 campo_maior2.jpg ckbi3go570xnh0zcdc5qo2nbl 410 Gone
2020-06-18 20:48:03 campo_maior2.jpg ckbi3h8480xo50zcdcmpvdg36 410 Gone
2020-06-18 20:48:05 campo_maior2.jpg ckbi3hzhh0xot0zcd6aj49lfq 410 Gone
2020-06-18 20:48:07 campo_maior2.jpg ckbi3itrz013f0y944zeof0o2 410 Gone
2020-06-18 20:48:08 campo_maior2.jpg ckbi3jhxv01460y948flvbo3u 410 Gone
2020-06-18 20:48:10 campo_maior2.jpg ckbi3k0fj014l0y949k5q7dbr 410 Gone
2020-06-18 20:48:12 campo_maior2.jpg ckbi3kknf0ybc0yawddee6b2s 410 Gone
2020-06-18 20:48:14 campo_maior2.jpg ckbi3lqyv016q0y947vrz0thb 410 Gone
2020-06-18 20:48:16 campo_maior2.jpg ckbi3mckq0ydf0yawd9p38fgo 410 Gone
2020-06-18 20:48:18 campo_maior2.jpg ckbi3n47a01840y94hnhe810i 410 Gone
2020-06-18 20:48:19 campo_maior2.jpg ckbi3nyoy0qg50y8newpn92b6 410 Gone
2020-06-18 20:48:22 campo_maior2.jpg ckbi3okh60xw30zcd6ohi1w84 410 Gone
2020-06-18 20:48:23 campo_maior2.jpg ckbi3p5mq0qh70y8n2z7o778p 410 Gone
2020-06-18 20:48:24 campo_maior2.jpg ckbi3psrq0tbe0y797t4t6hzg 410 Gone
2020-06-18 20:48:26 campo_maior2.jpg ckbi3qgen01ar0y94g46e4lyg 410 Gone
2020-06-18 20:48:28 campo_maior2.jpg ckbi3r7hw0xfc0yc94paw2gm6 410 Gone
2020-06-18 20:48:30 campo_maior2.jpg ckbi3rsdp0xyd0zcd1kyfao51 410 Gone
2020-06-18 20:48:31 campo_maior2.jpg ckbi3sdmm0qjo0y8n3uegai4w 410 Gone
2020-06-18 20:48:33 campo_maior2.jpg ckbi3t65d0qkf0y8najl66zzs 410 Gone
2020-06-18 20:48:35 campo_maior2.jpg ckbi3tpoa0qks0y8nhx7m6r1r 410 Gone
2020-06-18 20:48:37 campo_maior2.jpg ckbi3uhiy0ykf0yawg5pe4yp1 410 Gone
2020-06-18 20:48:39 campo_maior2.jpg ckbi3yivr0xkm0yc9gr9g5w5a 410 Gone
2020-06-18 20:48:41 campo_maior2.jpg ckbi3zb740qny0y8n0jsahuno 410 Gone
2020-06-18 20:48:43 campo_maior2.jpg ckbi4027y0qoa0y8n0e1v5te9 410 Gone
2020-06-18 20:48:45 campo_maior2.jpg ckbi41lzu01ht0y947v534vlb 410 Gone
2020-06-18 20:48:46 campo_maior2.jpg ckbi428a90tj90y79cx1z97uj 410 Gone
2020-06-18 20:48:48 campo_maior2.jpg ckbi43g9t0tjw0y7987zqfd3l 410 Gone
2020-06-18 20:48:49 campo_maior2.jpg ckbi4494c01iv0y948v78hmfp 410 Gone
2020-06-18 20:48:51 campo_maior2.jpg ckbi4i91r0ycj0zcd3fr12uzm 410 Gone
2020-06-18 20:48:52 campo_maior2.jpg ckbi4jwa30xwt0yc93ai4f9ck 410 Gone
2020-06-18 20:48:53 campo_maior2.jpg ckbi5m5tf0yne0yc9h251fr8t 410 Gone
2020-06-18 20:48:55 campo_maior2.jpg ckbi5no0z0zpq0yawaycnetxd 410 Gone
2020-06-18 20:48:57 campo_maior2.jpg ckbi5tk2z003j0ycdbdam9hms 410 Gone
2020-06-18 20:48:59 campo_maior2.jpg ckbi5u6rr0z7v0zcdeicw2cfe 410 Gone
2020-06-18 20:49:00 campo_maior2.jpg ckbi5usx300420ycd86zb4vmq 410 Gone
2020-06-18 20:49:02 campo_maior2.jpg ckbi5wyk80zxz0yaw596ea3lg 410 Gone
2020-06-18 20:49:04 campo_maior2.jpg ckbi5yd6u0z9n0zcd7fdl9auq 410 Gone
2020-06-18 21:16:24 montalegre1.jpg ckbiew4g817i40yaw8i9mf2y5 410 Gone
2020-06-18 21:19:55 montalegre1.jpg ckbjn5pb713p90y8ogn677a7e 410 Gone
2020-06-18 22:16:43 sabugal2.jpg ckbkz6t731h060y9y6kppf7yq 503 Service Unavailable
2020-06-19 11:45:10 penha_garcia1.jpg ckb9klb8515dq0yeje5qq8i6n 410 Gone
2020-06-19 11:45:11 penha_garcia1.jpg ckb9knl98001u0ycq5b5v3yee 410 Gone
2020-06-19 11:45:25 campo_maior2.jpg ckbgthp7r00ko0y812lkbdd30 410 Gone
2020-06-19 11:45:26 campo_maior2.jpg ckbgtlzo410u90y8nhxbm1sbk 410 Gone
2020-06-19 11:45:28 campo_maior2.jpg ckbgtmebj00ru0y8147wuglyr 410 Gone
2020-06-19 11:45:30 campo_maior2.jpg ckbgtp1c510yb0y8namya6i15 410 Gone
2020-06-19 11:45:31 campo_maior2.jpg ckbgtpgxe1am00yar9bpi58go 410 Gone
2020-06-19 11:45:33 campo_maior2.jpg ckbgtqgcn110t0y8n0hhndnhl 410 Gone
2020-06-19 11:45:34 campo_maior2.jpg ckbgtr7x3112i0y8n34r03wbl 410 Gone
2020-06-19 11:45:36 campo_maior2.jpg ckbgtscl61arm0yar1ohcbd76 410 Gone
2020-06-19 11:45:37 campo_maior2.jpg ckbgtsl9x11510y8n1dot2xy0 410 Gone
2020-06-19 11:45:39 campo_maior2.jpg ckbgtswr3001a0yci23yd0ynv 410 Gone
2020-06-19 11:45:41 campo_maior2.jpg ckbgtt7r1115k0y8n8xxzcddw 410 Gone
2020-06-19 11:45:42 campo_maior2.jpg ckbgtv43j004o0yci6dlrcc82 410 Gone
2020-06-19 11:45:44 campo_maior2.jpg ckbgtvexb1aw10yarguqf6ugy 410 Gone
2020-06-19 11:45:46 campo_maior2.jpg ckbgtvvt61ax50yar6xs81rr0 410 Gone
2020-06-19 11:45:47 campo_maior2.jpg ckbgtw3vm11a60y8n5thea3cf 410 Gone
2020-06-19 11:45:49 campo_maior2.jpg ckbgtwcl5006q0ycifqcphvrc 410 Gone
2020-06-19 11:45:51 campo_maior2.jpg ckbgtwu901m2c0yc89pif5iug 410 Gone
2020-06-19 11:45:53 campo_maior2.jpg ckbgtxeek008k0yci9xluclf6 410 Gone
2020-06-19 11:45:55 campo_maior2.jpg ckbgtxqt21m3d0yc88l3x4s9b 410 Gone
2020-06-19 11:45:57 campo_maior2.jpg ckbgty3pg009i0yciht0nf722 410 Gone
2020-06-19 11:45:59 campo_maior2.jpg ckbgtydxw1b0t0yarfe3f9u22 410 Gone
2020-06-19 11:46:01 campo_maior2.jpg ckbgtyrso11e20y8n7dxzfhhi 410 Gone
2020-06-19 11:46:03 campo_maior2.jpg ckbgtz3ap00b40yci3begd4mo 410 Gone
2020-06-19 11:46:04 campo_maior2.jpg ckbgtzl8w11fg0y8n2w19fwvl 410 Gone
2020-06-19 11:46:06 campo_maior2.jpg ckbgtzvfk1b320yar8s6ydew9 410 Gone
2020-06-19 11:46:08 campo_maior2.jpg ckbgu0cjd1m770yc8ashz1ey0 410 Gone
2020-06-19 11:46:10 campo_maior2.jpg ckbgu0kf600e60yci6kpd8lz4 410 Gone
2020-06-19 11:46:12 campo_maior2.jpg ckbgu0t841m8c0yc8esioaohu 410 Gone
2020-06-19 11:46:13 campo_maior2.jpg ckbgu145o11hy0y8n534m3go5 410 Gone
2020-06-19 11:46:15 campo_maior2.jpg ckbgu1qxl1b6s0yarh4dsaaa4 410 Gone
2020-06-19 11:46:16 campo_maior2.jpg ckbgu22mo1b7d0yarb3bt6oym 410 Gone
2020-06-19 11:46:18 campo_maior2.jpg ckbgu2cpz11js0y8n81ei20kc 410 Gone
2020-06-19 11:46:19 campo_maior2.jpg ckbgu2pei1mbd0yc8h8fngs17 410 Gone
2020-06-19 11:46:20 campo_maior2.jpg ckbgu2zrq1b8z0yare1uh5ffd 410 Gone
2020-06-19 11:46:22 campo_maior2.jpg ckbgu3lgi1b9t0yarae6o3et4 410 Gone
2020-06-19 11:46:23 campo_maior2.jpg ckbgu40dx1md30yc811kk6ye3 410 Gone
2020-06-19 11:46:25 campo_maior2.jpg ckbgu4bf71baw0yar0l4zfflv 410 Gone
2020-06-19 11:46:27 campo_maior2.jpg ckbgu58xm00m30yci9crs88mc 410 Gone
2020-06-19 11:46:28 campo_maior2.jpg ckbgu5ifk1bcj0yar6jm77q5o 410 Gone
2020-06-19 11:46:30 campo_maior2.jpg ckbgu5v0d1bd50yar4qpccmtu 410 Gone
2020-06-19 11:46:32 campo_maior2.jpg ckbgu6e5j00o30yciaca93npx 410 Gone
2020-06-19 11:46:33 campo_maior2.jpg ckbgu6mxx1mgp0yc8bu1cfwrz 410 Gone
2020-06-19 11:46:35 campo_maior2.jpg ckbgu6xu01bem0yarekq4349z 410 Gone
2020-06-19 11:46:37 campo_maior2.jpg ckbgu7czs1bfc0yarfmot0z2q 410 Gone
2020-06-19 11:46:39 campo_maior2.jpg ckbgu7mky1bfj0yar61tt7k7c 410 Gone
2020-06-19 11:46:41 campo_maior2.jpg ckbgu7vrq1bg00yarcug111rw 410 Gone
2020-06-19 11:46:43 campo_maior2.jpg ckbgu83cc11sa0y8n7b448u2j 410 Gone
2020-06-19 11:46:45 campo_maior2.jpg ckbgu8e8z1bgz0yar44gcc6y6 410 Gone
2020-06-19 11:46:47 campo_maior2.jpg ckbgu9x7511va0y8nd1pteiiy 410 Gone
2020-06-19 11:46:49 campo_maior2.jpg ckbgua6c91bkn0yar8lhrdf8s 410 Gone
2020-06-19 11:46:50 campo_maior2.jpg ckbguai2t1bl90yar8twz72mk 410 Gone
2020-06-19 11:46:52 campo_maior2.jpg ckbguas5z00vg0yci8ab41g5p 410 Gone
2020-06-19 11:46:53 campo_maior2.jpg ckbgub6ft1mp80yc8aklz583l 410 Gone
2020-06-19 11:46:55 campo_maior2.jpg ckbgubhnb11xs0y8n0wf1fk6u 410 Gone
2020-06-19 11:46:57 campo_maior2.jpg ckbgubzcl1mqc0yc8cv8o9pju 410 Gone
2020-06-19 11:46:59 campo_maior2.jpg ckbgucc0f11yv0y8n0hpb5vkf 410 Gone
2020-06-19 11:47:01 campo_maior2.jpg ckbgucvpb00z10yci32dpfuqd 410 Gone
2020-06-19 11:47:03 campo_maior2.jpg ckbgud5bw1bq70yar1z3kfuzd 410 Gone
2020-06-19 11:47:05 campo_maior2.jpg ckbgudgew1msf0yc83xs49c3l 410 Gone
2020-06-19 11:47:07 campo_maior2.jpg ckbgue8lq1mtd0yc8du2p84g0 410 Gone
2020-06-19 11:47:08 campo_maior2.jpg ckbguer6x1mu40yc818xk2evv 410 Gone
2020-06-19 11:47:10 campo_maior2.jpg ckbguf18p012b0ycifs50dh6q 410 Gone
2020-06-19 11:47:12 campo_maior2.jpg ckbgufixa1mv70yc8788f8zuz 410 Gone
2020-06-19 11:47:14 campo_maior2.jpg ckbgughn61mwl0yc87f8leuh8 410 Gone
2020-06-19 11:47:15 campo_maior2.jpg ckbgugwp01bvf0yareuuzddwj 410 Gone
2020-06-19 11:47:17 campo_maior2.jpg ckbguha6l126w0y8neu5f7a0h 410 Gone
2020-06-19 11:47:18 campo_maior2.jpg ckbguhoda1mz30yc87ln5f4ez 410 Gone
2020-06-19 11:47:20 campo_maior2.jpg ckbguhwmi1mzc0yc8cq26bh72 410 Gone
2020-06-19 11:47:21 campo_maior2.jpg ckbgui6no000h0y90c6mx4c3n 410 Gone
2020-06-19 11:47:23 campo_maior2.jpg ckbguimha000y0y90h8bmayma 410 Gone
2020-06-19 11:47:25 campo_maior2.jpg ckbguj0ok00150yal30rhb35f 410 Gone
2020-06-19 11:47:27 campo_maior2.jpg ckbgujarh001d0yalg0ml7onp 410 Gone
2020-06-19 11:47:28 campo_maior2.jpg ckbgukx11002x0y90029e6any 410 Gone
2020-06-19 11:47:30 campo_maior2.jpg ckbgul8wt1n1w0yc86txgghum 410 Gone
2020-06-19 11:47:32 campo_maior2.jpg ckbgulpiw003k0yale0j6f3h4 410 Gone
2020-06-19 11:47:34 campo_maior2.jpg ckbgum0ij12b40y8nab140ruo 410 Gone
2020-06-19 11:47:35 campo_maior2.jpg ckbgumbjs004b0y902k489vb6 410 Gone
2020-06-19 11:47:37 campo_maior2.jpg ckbgumv4u12bu0y8n08tg7w0j 410 Gone
2020-06-19 11:47:39 campo_maior2.jpg ckbgunbep005m0y9005byfbw6 410 Gone
2020-06-19 11:47:41 campo_maior2.jpg ckbgunns61n4g0yc886qv72rs 410 Gone
2020-06-19 11:47:43 campo_maior2.jpg ckbguo1yy12d80y8n5n16fxj6 410 Gone
2020-06-19 11:47:45 campo_maior2.jpg ckbguorg3006p0yal2sl56ttm 410 Gone
2020-06-19 11:47:47 campo_maior2.jpg ckbgup9fh1c540yarely3esr1 410 Gone
2020-06-19 11:47:48 campo_maior2.jpg ckbguq1qo12fb0y8n10ldacmg 410 Gone
2020-06-19 11:47:50 campo_maior2.jpg ckbguqiup008n0y900nlw69w4 410 Gone
2020-06-19 11:47:52 campo_maior2.jpg ckbgurbxr009i0yal262ihoj0 410 Gone
2020-06-19 11:47:54 campo_maior2.jpg ckbgurp48002w0z92b6fk69ln 410 Gone
2020-06-19 11:47:56 campo_maior2.jpg ckbgus3jm00390z922hrh7v7d 410 Gone
2020-06-19 11:47:58 campo_maior2.jpg ckbgusl4q1c890yar6n6j61ew 410 Gone
2020-06-19 11:47:59 campo_maior2.jpg ckbgut1lw00430z926el8h43j 410 Gone
2020-06-19 11:48:01 campo_maior2.jpg ckbgut9yx004a0z92fk3l7kws 410 Gone
2020-06-19 11:48:03 campo_maior2.jpg ckbgutl4p1c9c0yar108laquw 410 Gone
2020-06-19 11:48:05 campo_maior2.jpg ckbgutx9j004x0z921myzgi0w 410 Gone
2020-06-19 11:48:06 campo_maior2.jpg ckbguudbt00ca0yalci0592gi 410 Gone
2020-06-19 11:48:08 campo_maior2.jpg ckbguuo4700d40y901eag4kyo 410 Gone
2020-06-19 11:48:10 campo_maior2.jpg ckbguv2q700640z92dviw3jka 410 Gone
2020-06-19 11:48:12 campo_maior2.jpg ckbguvdqn00dc0yal7afzgtgv 410 Gone
2020-06-19 11:48:13 campo_maior2.jpg ckbguvqg51cbn0yar1s6d1qx2 410 Gone
2020-06-19 11:48:15 campo_maior2.jpg ckbguw2a51neu0yc815fu001f 410 Gone
2020-06-19 11:48:17 campo_maior2.jpg ckbguwd5q12nh0y8ngg4id9ts 410 Gone
2020-06-19 11:48:19 campo_maior2.jpg ckbguwuqh12o10y8n20y8ey8f 410 Gone
2020-06-19 11:48:22 campo_maior2.jpg ckbgux9g91ceg0yar3agj2dsw 410 Gone
2020-06-19 11:48:23 campo_maior2.jpg ckbguxnj512p90y8n0oox5487 410 Gone
2020-06-19 11:48:26 campo_maior2.jpg ckbguxyho1cfb0yar53888j1l 410 Gone
2020-06-19 11:48:28 campo_maior2.jpg ckbguyczh00i80yaldrx5asbo 410 Gone
2020-06-19 11:48:30 campo_maior2.jpg ckbguyqvf00in0yald2nb92vc 410 Gone
2020-06-19 11:48:31 campo_maior2.jpg ckbguz5jg12rk0y8n7p1d5lyw 410 Gone
2020-06-19 11:48:33 campo_maior2.jpg ckbguzxjs12sn0y8n37125f27 410 Gone
2020-06-19 11:48:35 campo_maior2.jpg ckbgv0gbm12td0y8n3gba3pxs 410 Gone
2020-06-19 11:48:37 campo_maior2.jpg ckbgv0t6c1cje0yar0u2b4xlb 410 Gone
2020-06-19 11:48:39 campo_maior2.jpg ckbgv13hj12ux0y8nfvbegvvs 410 Gone
2020-06-19 11:48:41 campo_maior2.jpg ckbgv1ekv1ck70yar9jox9g46 410 Gone
2020-06-19 11:48:43 campo_maior2.jpg ckbgv1ubp12vm0y8n8mv2b8wb 410 Gone
2020-06-19 11:48:44 campo_maior2.jpg ckbgvj0bq1d5m0yardti37x0x 410 Gone
2020-06-19 11:48:46 campo_maior2.jpg ckbgvjant1oaa0yc84lfygeq7 410 Gone
2020-06-19 11:48:47 campo_maior2.jpg ckbgvjuqq1d6w0yarakms5ceh 410 Gone
2020-06-19 11:48:49 campo_maior2.jpg ckbgvk5ur13it0y8n40ajhutj 410 Gone
2020-06-19 11:48:51 campo_maior2.jpg ckbgvkjqi1obz0yc8btbqabdb 410 Gone
2020-06-19 11:48:53 campo_maior2.jpg ckbgvkwkx13k50y8n5v1103m6 410 Gone
2020-06-19 11:48:54 campo_maior2.jpg ckbgvl9ln13kk0y8n0hdnhapw 410 Gone
2020-06-19 11:48:56 campo_maior2.jpg ckbgvlsqm1oe30yc85k240ujg 410 Gone
2020-06-19 11:48:58 campo_maior2.jpg ckbgvmd9701fc0yalbh6908es 410 Gone
2020-06-19 11:48:59 campo_maior2.jpg ckbgvmsob13n90y8ndbfbctwh 410 Gone
2020-06-19 11:49:01 campo_maior2.jpg ckbgvn3bn01g20yalbpf00jvk 410 Gone
2020-06-19 11:49:03 campo_maior2.jpg ckbgvnhas1dcm0yarca6kgq2o 410 Gone
2020-06-19 11:49:04 campo_maior2.jpg ckbgvnwy401hj0yal6v0i3rg8 410 Gone
2020-06-19 11:49:06 campo_maior2.jpg ckbgvo90p01hv0yal9upx104j 410 Gone
2020-06-19 11:49:07 campo_maior2.jpg ckbgvoozu01id0yal43fh93bw 410 Gone
2020-06-19 11:49:09 campo_maior2.jpg ckbgvp0zt13ph0y8ndaxzhb25 410 Gone
2020-06-19 11:49:11 campo_maior2.jpg ckbgvpjbf1dfa0yar9q12ex1a 410 Gone
2020-06-19 11:49:13 campo_maior2.jpg ckbgvpvac13qr0y8n720se7qf 410 Gone
2020-06-19 11:49:14 campo_maior2.jpg ckbgvq6ar1dga0yarcl4i2mfx 410 Gone
2020-06-19 11:49:16 campo_maior2.jpg ckbgvqmkg13s60y8nhcyb4qbr 410 Gone
2020-06-19 11:49:18 campo_maior2.jpg ckbgvr7cs1dhz0yar2l8c4wti 410 Gone
2020-06-19 11:49:19 campo_maior2.jpg ckbgvrlwc1dik0yarcftg9s5z 410 Gone
2020-06-19 11:49:21 campo_maior2.jpg ckbgvs780148f0y8n4jhv6y1o 410 Gone
2020-06-19 11:49:23 campo_maior2.jpg ckbgvslie1oni0yc81zc3cjnp 410 Gone
2020-06-19 11:49:25 campo_maior2.jpg ckbgvszwc1ooi0yc82bstbfqb 410 Gone
2020-06-19 11:49:27 campo_maior2.jpg ckbgvtfcj004z0yaj57byeo4l 410 Gone
2020-06-19 11:49:29 campo_maior2.jpg ckbgvu11v1dmp0yarh25sexpu 410 Gone
2020-06-19 11:49:31 campo_maior2.jpg ckbgvuce11oqy0yc86p9bhk7f 410 Gone
2020-06-19 11:49:33 campo_maior2.jpg ckbgvushj000d0y8x6n1va50i 410 Gone
2020-06-19 11:49:34 campo_maior2.jpg ckbgvv4d814e30y8n7aqs9kzn 410 Gone
2020-06-19 11:49:36 campo_maior2.jpg ckbgvvegh1os60yc80ro31w97 410 Gone
2020-06-19 11:49:38 campo_maior2.jpg ckbgvvsqp14f90y8n9rzv1o5z 410 Gone
2020-06-19 11:49:39 campo_maior2.jpg ckbgvw7gz14fw0y8nf8zgcefb 410 Gone
2020-06-19 11:49:41 campo_maior2.jpg ckbgvwo9n1ott0yc8fxu5ef9q 410 Gone
2020-06-19 11:49:43 campo_maior2.jpg ckbgvxazj00q90yaj92fx7lpv 410 Gone
2020-06-19 11:49:45 campo_maior2.jpg ckbgvxyeh00540y8x4o6e06ep 410 Gone
2020-06-19 11:49:46 campo_maior2.jpg ckbgvy9m000rr0yaj9dtoffin 410 Gone
2020-06-19 11:49:48 campo_maior2.jpg ckbgvykpk00sf0yaj94cyg2rp 410 Gone
2020-06-19 11:49:49 campo_maior2.jpg ckbgvyzgq1ox60yc87w1g6xgn 410 Gone
2020-06-19 11:49:51 campo_maior2.jpg ckbgvzb14008h0y8x077udx44 410 Gone
2020-06-19 11:49:52 campo_maior2.jpg ckbgvzomo1dvc0yarfjdi92ab 410 Gone
2020-06-19 11:49:54 campo_maior2.jpg ckbgw023j1ozf0yc81t9c51yv 410 Gone
2020-06-19 11:49:56 campo_maior2.jpg ckbgw0gp61ozx0yc87fe18ch4 410 Gone
2020-06-19 11:49:57 campo_maior2.jpg ckbgw0sou14n30y8nf1vx9dgd 410 Gone
2020-06-19 11:49:58 campo_maior2.jpg ckbgw1idj1p1l0yc8adk1h41u 410 Gone
2020-06-19 11:50:00 campo_maior2.jpg ckbgw203914op0y8n1dwd1csg 410 Gone
2020-06-19 11:50:02 campo_maior2.jpg ckbgw2c9f1dzt0yarc8iw3pdf 410 Gone
2020-06-19 11:50:03 campo_maior2.jpg ckbgw2p4t1e0m0yararfbby0a 410 Gone
2020-06-19 11:50:05 campo_maior2.jpg ckbgw34ha14r40y8neb4912by 410 Gone
2020-06-19 11:50:06 campo_maior2.jpg ckbgw3ifa010w0yajhgsq4wcq 410 Gone
2020-06-19 11:50:07 campo_maior2.jpg ckbgw3v6314sq0y8n8c1icad4 410 Gone
2020-06-19 11:50:09 campo_maior2.jpg ckbgw4djh1pm50yc8elskgo5t 410 Gone
2020-06-19 11:50:11 campo_maior2.jpg ckbgw5d6i1e5j0yarexux8q0w 410 Gone
2020-06-19 11:50:12 campo_maior2.jpg ckbgw65c31ppm0yc8dg1p9pji 410 Gone
2020-06-19 11:50:14 campo_maior2.jpg ckbgw6k5r1e7y0yarbnca7ktt 410 Gone
2020-06-19 11:50:16 campo_maior2.jpg ckbgw6x9301860yaj6yvh5fga 410 Gone
2020-06-19 11:50:18 campo_maior2.jpg ckbgw7bp61prz0yc8gx25c2zq 410 Gone
2020-06-19 11:50:19 campo_maior2.jpg ckbgw7pfl15010y8n2qbe47ph 410 Gone
2020-06-19 11:50:21 campo_maior2.jpg ckbgw85ox1eav0yar244t3mnd 410 Gone
2020-06-19 11:50:23 campo_maior2.jpg ckbgw9dp11pv10yc8fyw3gre5 410 Gone
2020-06-19 11:50:25 campo_maior2.jpg ckbgw9so0153u0y8nhspx29zp 410 Gone
2020-06-19 11:50:26 campo_maior2.jpg ckbgwa95e1pw00yc85vw88gie 410 Gone
2020-06-19 11:50:28 campo_maior2.jpg ckbgwao1501dw0yaj6mqbd4te 410 Gone
2020-06-19 11:50:30 campo_maior2.jpg ckbgwb1ef155i0y8n0ldc2o4w 410 Gone
2020-06-19 11:50:32 campo_maior2.jpg ckbgwbitr1egz0yarbi1xd6l0 410 Gone
2020-06-19 11:50:34 campo_maior2.jpg ckbgwc7gi1pyh0yc849eb2993 410 Gone
2020-06-19 11:50:36 campo_maior2.jpg ckbgwci8g157j0y8nh4vb6phv 410 Gone
2020-06-19 11:50:38 campo_maior2.jpg ckbgwcvc201gy0yaj6zb9bzva 410 Gone
2020-06-19 11:50:39 campo_maior2.jpg ckbgwdb16158e0y8n6s0tctu7 410 Gone
2020-06-19 11:50:41 campo_maior2.jpg ckbgwdwxe1el60yaraondfhfh 410 Gone
2020-06-19 11:50:43 campo_maior2.jpg ckbgwef491elu0yar47g19e4s 410 Gone
2020-06-19 11:50:45 campo_maior2.jpg ckbgwf0kx000o0yaf8j3u3ieo 410 Gone
2020-06-19 11:50:46 campo_maior2.jpg ckbgwff4y001c0ya21ly94h6d 410 Gone
2020-06-19 11:50:48 campo_maior2.jpg ckbgwfrtf001f0yaf5ctn16yp 410 Gone
2020-06-19 11:50:49 campo_maior2.jpg ckbgwi0xt15d00y8n83ul2twl 410 Gone
2020-06-19 11:50:51 campo_maior2.jpg ckbgwifj5004d0yafdqx5d7lu 410 Gone
2020-06-19 11:50:53 campo_maior2.jpg ckbgwiu3815dx0y8n0iwb9jkm 410 Gone
2020-06-19 11:50:54 campo_maior2.jpg ckbgwjdzu004j0ya24g3ua9bg 410 Gone
2020-06-19 11:50:56 campo_maior2.jpg ckbgwkq3501p80yajgj9xcz8j 410 Gone
2020-06-19 11:50:58 campo_maior2.jpg ckbgwl8ox006c0yaf56be8gt7 410 Gone
2020-06-19 11:50:59 campo_maior2.jpg ckbgwlm731erz0yar9wfr303i 410 Gone
2020-06-19 11:51:02 campo_maior2.jpg ckbgwm1cp1q8v0yc8dybrad70 410 Gone
2020-06-19 11:51:04 campo_maior2.jpg ckbgwme76007j0yafhx9x1i3u 410 Gone
2020-06-19 11:51:05 campo_maior2.jpg ckbgwmrcf00850ya25vcr3ahq 410 Gone
2020-06-19 11:51:07 campo_maior2.jpg ckbgwn9fm01rn0yajgfxf6pi3 410 Gone
2020-06-19 11:51:09 campo_maior2.jpg ckbgwnloy15i60y8nbr9y2a8z 410 Gone
2020-06-19 11:51:11 campo_maior2.jpg ckbgwnzmx008z0yaf5y75g6zh 410 Gone
2020-06-19 11:51:13 campo_maior2.jpg ckbgwoaed1qaj0yc8fkhjeyn3 410 Gone
2020-06-19 11:51:15 campo_maior2.jpg ckbgwpc3j1evq0yar914y9l9x 410 Gone
2020-06-19 11:51:17 campo_maior2.jpg ckbgwpx9r1ewa0yar1s9veuvy 410 Gone
2020-06-19 11:51:18 campo_maior2.jpg ckbgwqo1v01vc0yaj0sh53awq 410 Gone
2020-06-19 11:51:20 campo_maior2.jpg ckbgwras71exn0yar3ktk2r8k 410 Gone
2020-06-19 11:51:22 campo_maior2.jpg ckbgwrmwj00bj0yafgli50k1p 410 Gone
2020-06-19 11:51:23 campo_maior2.jpg ckbgwrwli01w20yaj483zcyqy 410 Gone
2020-06-19 11:51:25 campo_maior2.jpg ckbgwscy21ey90yar7uoc38e5 410 Gone
2020-06-19 11:51:27 campo_maior2.jpg ckbgwssot1eyg0yarcm3kemgr 410 Gone
2020-06-19 11:51:30 campo_maior2.jpg ckbgwt7b800d70yafepxicsa9 410 Gone
2020-06-19 11:51:32 campo_maior2.jpg ckbgwtpq11eyw0yar92q3gcxm 410 Gone
2020-06-19 11:51:34 campo_maior2.jpg ckbgwu79i00e90yafgu1z7j8i 410 Gone
2020-06-19 11:51:35 campo_maior2.jpg ckbgwupfj15nt0y8na1vm0ts4 410 Gone
2020-06-19 11:51:37 campo_maior2.jpg ckbgwv8tg01z20yajefu47urj 410 Gone
2020-06-19 11:51:39 campo_maior2.jpg ckbgwvz8t1f1i0yar6q1mfzgj 410 Gone
2020-06-19 11:51:41 campo_maior2.jpg ckbgwwcu31qi50yc883ci24ct 410 Gone
2020-06-19 11:51:43 campo_maior2.jpg ckbgwx5x102190yaj5qgl5z4v 410 Gone
2020-06-19 11:51:45 campo_maior2.jpg ckbgwxn3d00hh0yaf8rxafnzu 410 Gone
2020-06-19 11:51:47 campo_maior2.jpg ckbgwy1nw00i10yaf2qtz82wk 410 Gone
2020-06-19 11:51:48 campo_maior2.jpg ckbgwyjwx1qkm0yc8b8l7b6xh 410 Gone
2020-06-19 11:51:50 campo_maior2.jpg ckbgwzhke00ji0yafdev82cgo 410 Gone
2020-06-19 11:51:52 campo_maior2.jpg ckbgwzy061f630yar54eg2gpx 410 Gone
2020-06-19 11:51:53 campo_maior2.jpg ckbgx0qy6025a0yajdt3phiit 410 Gone
2020-06-19 11:51:56 campo_maior2.jpg ckbgx1aab1qn80yc8cjiafh7w 410 Gone
2020-06-19 11:51:58 campo_maior2.jpg ckbgx1rji15wx0y8ncvaeh8fe 410 Gone
2020-06-19 11:52:00 campo_maior2.jpg ckbgx26yp026u0yajb4ipg1i2 410 Gone
2020-06-19 11:52:02 campo_maior2.jpg ckbgx2qxo15y90y8nd86kauj3 410 Gone
2020-06-19 11:52:04 campo_maior2.jpg ckbgx37bh1qq20yc88nws8hh5 410 Gone
2020-06-19 11:52:05 campo_maior2.jpg ckbgx3or715zh0y8nh1ti3fde 410 Gone
2020-06-19 11:52:07 campo_maior2.jpg ckbgx4enq029k0yaj1u83b3fy 410 Gone
2020-06-19 11:52:08 campo_maior2.jpg ckbgx4wls00qh0yafhvn32e6b 410 Gone
2020-06-19 11:52:10 campo_maior2.jpg ckbgx5ldn02ap0yaj4d8fghqf 410 Gone
2020-06-19 11:52:11 campo_maior2.jpg ckbgx62lc16220y8n1mx135od 410 Gone
2020-06-19 11:52:13 campo_maior2.jpg ckbgx6rat1fds0yar3m961a8i 410 Gone
2020-06-19 11:52:14 campo_maior2.jpg ckbgx79e716310y8n532devv7 410 Gone
2020-06-19 11:52:17 campo_maior2.jpg ckbgx83jm02ce0yaj2ss39rc9 410 Gone
2020-06-19 11:52:18 campo_maior2.jpg ckbgx8grw02ci0yaj7qbv52iz 410 Gone
2020-06-19 11:52:20 campo_maior2.jpg ckbgx8xcs1qv30yc85kkz5zj3 410 Gone
2020-06-19 11:52:22 campo_maior2.jpg ckbgx9gn702cu0yaj50c82ggm 410 Gone
2020-06-19 11:52:24 campo_maior2.jpg ckbgx9wqg02d50yaj7dnqdkch 410 Gone
2020-06-19 11:52:26 campo_maior2.jpg ckbgxahcv001j0yc929qd7z2b 410 Gone
2020-06-19 11:52:27 campo_maior2.jpg ckbgxazl102dn0yajd0b1ds8x 410 Gone
2020-06-19 11:52:29 campo_maior2.jpg ckbgxbhg7165e0y8n8j4xd2ms 410 Gone
2020-06-19 11:52:31 campo_maior2.jpg ckbgxbvr202e50yaj1gc0d92g 410 Gone
2020-06-19 11:52:33 campo_maior2.jpg ckbgxccsr1qwl0yc80qdldlr2 410 Gone
2020-06-19 11:52:34 campo_maior2.jpg ckbgxd3y61qx50yc8acyn5j3o 410 Gone
2020-06-19 11:52:36 campo_maior2.jpg ckbgxdnce002s0yc91nqo91zk 410 Gone
2020-06-19 11:52:38 campo_maior2.jpg ckbgxefgy00330yc9dky9cq1g 410 Gone
2020-06-19 11:52:40 campo_maior2.jpg ckbgxfa86003d0yc9an4bckcj 410 Gone
2020-06-19 11:52:42 campo_maior2.jpg ckbgxfsw1003o0yc9gocb5iib 410 Gone
2020-06-19 11:52:44 campo_maior2.jpg ckbgxg8h400w80yaf9w6f76a3 410 Gone
2020-06-19 11:52:46 campo_maior2.jpg ckbgxgrcd1fib0yar5z5q8xiu 410 Gone
2020-06-19 11:52:48 campo_maior2.jpg ckbgxhcg0004b0yc95peah7yj 410 Gone
2020-06-19 11:52:50 campo_maior2.jpg ckbgxi6121r070yc82eppfiyy 410 Gone
2020-06-19 11:52:51 campo_maior2.jpg ckbgxiuj300xc0yafgldhatlq 410 Gone
2020-06-19 11:52:53 campo_maior2.jpg ckbgxjl9f16a10y8n83d56oj0 410 Gone
2020-06-19 11:52:55 campo_maior2.jpg ckbgxk60i16a60y8nevhu1jsf 410 Gone
2020-06-19 11:52:57 campo_maior2.jpg ckbgxl3nr1fk80yar5scw2b18 410 Gone
2020-06-19 11:52:59 campo_maior2.jpg ckbgxloek16b10y8n483543xv 410 Gone
2020-06-19 11:53:01 campo_maior2.jpg ckbgxpezo1r4d0yc8bo2e3dr2 410 Gone
2020-06-19 11:53:02 campo_maior2.jpg ckbgxqvix16dw0y8nb7sj6lfg 410 Gone
2020-06-19 11:53:04 campo_maior2.jpg ckbgxs6km16ej0y8n2vc50o31 410 Gone
2020-06-19 11:53:06 campo_maior2.jpg ckbgxt0tw16eu0y8n3xt36dr8 410 Gone
2020-06-19 11:53:08 campo_maior2.jpg ckbgxuq0n1fpo0yarg14ufdvu 410 Gone
2020-06-19 11:53:09 campo_maior2.jpg ckbgxw95n16he0y8ngrnj0rrm 410 Gone
2020-06-19 11:53:10 campo_maior2.jpg ckbgxxmov02pk0yajf0r2c4l9 410 Gone
2020-06-19 11:53:12 campo_maior2.jpg ckbgxynbf02q10yajaupbgwi7 410 Gone
2020-06-19 11:53:14 campo_maior2.jpg ckbgy04q802qi0yaj9cnvhtt9 410 Gone
2020-06-19 11:53:15 campo_maior2.jpg ckbgy10511raw0yc8drb6fx68 410 Gone
2020-06-19 11:53:17 campo_maior2.jpg ckbgy23rd1ftm0yarhj8q3gbv 410 Gone
2020-06-19 11:53:19 campo_maior2.jpg ckbgy3ifz1rci0yc86j36e7rq 410 Gone
2020-06-19 11:53:20 campo_maior2.jpg ckbgy4qby1rdf0yc8czwu74l1 410 Gone
2020-06-19 11:53:22 campo_maior2.jpg ckbgy5o4y16mc0y8n98z63yph 410 Gone
2020-06-19 11:53:24 campo_maior2.jpg ckbgy7aq016mz0y8nhapv80oy 410 Gone
2020-06-19 11:53:26 campo_maior2.jpg ckbgygq531fzd0yar9vpf5u98 410 Gone
2020-06-19 11:53:27 campo_maior2.jpg ckbgyizht1fzw0yarf6b98xex 410 Gone
2020-06-19 11:53:29 campo_maior2.jpg ckbgyl9is006c0ybtaorb9hsk 410 Gone
2020-06-19 11:53:31 campo_maior2.jpg ckbgyn74q1g290yar57wdd3ll 410 Gone
2020-06-19 11:53:33 campo_maior2.jpg ckbgyp0h91rlg0yc87fx6flik 410 Gone
2020-06-19 11:53:35 campo_maior2.jpg ckbgyqeop1g430yardufwbvh1 410 Gone
2020-06-19 11:53:37 campo_maior2.jpg ckbgysak41g5b0yar0vf0gx6a 410 Gone
2020-06-19 11:53:39 campo_maior2.jpg ckbgytqps1rpj0yc8h031fs8x 410 Gone
2020-06-19 11:53:40 campo_maior2.jpg ckbgyv8hv000i0zbtcituh9b0 410 Gone
2020-06-19 11:53:42 campo_maior2.jpg ckbgyy7kg001c0zbth8co53in 410 Gone
2020-06-19 11:53:43 campo_maior2.jpg ckbgyzs4t1rrx0yc89075f70t 410 Gone
2020-06-19 11:53:45 campo_maior2.jpg ckbgz1bzr1rsd0yc87mmp5255 410 Gone
2020-06-19 11:53:47 campo_maior2.jpg ckbgz3ak8170l0y8n3dzz5fp8 410 Gone
2020-06-19 11:53:48 campo_maior2.jpg ckbgz57b31ru70yc89f940gsx 410 Gone
2020-06-19 11:53:50 campo_maior2.jpg ckbgz6ghz171n0y8n3zo91dd0 410 Gone
2020-06-19 11:53:51 campo_maior2.jpg ckbgz7e861gd30yar6oqx1tyj 410 Gone
2020-06-19 11:54:17 campo_maior2.jpg ckbgz8rrr1rvn0yc8aphbf10z 410 Gone
2020-06-19 11:54:18 campo_maior2.jpg ckbgz9x2v173m0y8n8kss8tsn 410 Gone
2020-06-19 11:54:20 campo_maior2.jpg ckbgzb9ee1rwj0yc84n88aiag 410 Gone
2020-06-19 11:54:21 campo_maior2.jpg ckbhxyc6a000v0za4hgtk3g89 410 Gone
2020-06-19 11:54:23 campo_maior2.jpg ckbhxzvqo00220za46rx8dt54 410 Gone
2020-06-19 11:54:25 campo_maior2.jpg ckbhy2b4p003n0za4hzey5pse 410 Gone
2020-06-19 11:54:27 campo_maior2.jpg ckbhy4wh90puw0y795j2n393n 410 Gone
2020-06-19 11:54:29 campo_maior2.jpg ckbhy6fiw0myv0y8n5aibhh2p 410 Gone
2020-06-19 11:54:31 campo_maior2.jpg ckbhy7zbl0uz10yaw64415f45 410 Gone
2020-06-19 11:54:33 campo_maior2.jpg ckbhy9q6d0n020y8n535afgs7 410 Gone
2020-06-19 11:54:34 campo_maior2.jpg ckbhyatis0pxl0y794kk584ba 410 Gone
2020-06-19 11:54:36 campo_maior2.jpg ckbhydc190n220y8n84tg5sfl 410 Gone
2020-06-19 11:54:38 campo_maior2.jpg ckbhyexzq0pzg0y7975z70x0k 410 Gone
2020-06-19 11:54:39 campo_maior2.jpg ckbhygk8v0v310yaw19vxej9f 410 Gone
2020-06-19 11:54:41 campo_maior2.jpg ckbhyi97q0ust0zcdha0b2tv2 410 Gone
2020-06-19 11:54:43 campo_maior2.jpg ckbhyk5od0v5d0yawdhhy0hlv 410 Gone
2020-06-19 11:54:45 campo_maior2.jpg ckbhym3c80v6i0yaw1ym84f1t 410 Gone
2020-06-19 11:54:46 campo_maior2.jpg ckbhynbeb0uv50zcdek5ic69x 410 Gone
2020-06-19 11:54:48 campo_maior2.jpg ckbhyonze0uwa0zcde9da4xth 410 Gone
2020-06-19 11:54:50 campo_maior2.jpg ckbhyptee0q6u0y7913gzep0j 410 Gone
2020-06-19 11:54:52 campo_maior2.jpg ckbhyre1n0vbj0yawc2pye6p5 410 Gone
2020-06-19 11:54:53 campo_maior2.jpg ckbhytb7u0uet0yc95tcuh2zd 410 Gone
2020-06-19 11:54:55 campo_maior2.jpg ckbhyvnrr0v1p0zcd5e8eb0g6 410 Gone
2020-06-19 11:54:56 campo_maior2.jpg ckbhyxwqf0uiq0yc9e1vbc854 410 Gone
2020-06-19 11:54:58 campo_maior2.jpg ckbhyzvhh0v4n0zcdg0rv7rj5 410 Gone
2020-06-19 11:55:00 campo_maior2.jpg ckbhz14b700390ycp8bvz7a08 410 Gone
2020-06-19 11:55:01 campo_maior2.jpg ckbhz29q80vk70yawa6chbsqp 410 Gone
2020-06-19 11:55:03 campo_maior2.jpg ckbhz3r3d0qhu0y798nsqauh8 410 Gone
2020-06-19 11:55:04 campo_maior2.jpg ckbhz4ujw0nll0y8n1b56c2ol 410 Gone
2020-06-19 11:55:06 campo_maior2.jpg ckbhz69sy0v9k0zcda92b6aex 410 Gone
2020-06-19 11:55:07 campo_maior2.jpg ckbhz7cg30qkz0y791pch6b9s 410 Gone
2020-06-19 11:55:09 campo_maior2.jpg ckbhz8gyx0vp30yaw7gv932om 410 Gone
2020-06-19 11:55:10 campo_maior2.jpg ckbhzapn60vd00zcdgbc445ry 410 Gone
2020-06-19 11:55:12 campo_maior2.jpg ckbhzcqug00b20ycp78143f76 410 Gone
2020-06-19 11:55:14 campo_maior2.jpg ckbhzeqdj0nt40y8nag9zcw6u 410 Gone
2020-06-19 11:55:16 campo_maior2.jpg ckbhzgphg00dc0ycp7tqtbg71 410 Gone
2020-06-19 11:55:18 campo_maior2.jpg ckbhzhk5800e10ycp8f6v10np 410 Gone
2020-06-19 11:55:19 campo_maior2.jpg ckbhzi23s0uxd0yc9dh4154uq 410 Gone
2020-06-19 11:55:20 campo_maior2.jpg ckbhzjssx00ft0ycpa34h3zcm 410 Gone
2020-06-19 11:55:22 campo_maior2.jpg ckbhzkfoj0vkb0zcd56dafnfw 410 Gone
2020-06-19 11:55:24 campo_maior2.jpg ckbhzmtpe00i80ycpdjm53b3h 410 Gone
2020-06-19 11:55:26 campo_maior2.jpg ckbhzpzze0o0s0y8n039dgjfz 410 Gone
2020-06-19 11:55:28 campo_maior2.jpg ckbi0ctuf0vz70zcdaojkb7g7 410 Gone
2020-06-19 11:55:30 campo_maior2.jpg ckbi0dza50r9t0y797i3523ct 410 Gone
2020-06-19 11:55:31 campo_maior2.jpg ckbi0hmkx0wgl0yaw08zz2yok 410 Gone
2020-06-19 11:55:33 campo_maior2.jpg ckbi0jkxr0w2n0zcd74h1c3nm 410 Gone
2020-06-19 11:55:34 campo_maior2.jpg ckbi0le37012d0ycp84w3gnkk 410 Gone
2020-06-19 11:55:36 campo_maior2.jpg ckbi0mal30rdv0y7938df8i1n 410 Gone
2020-06-19 11:55:38 campo_maior2.jpg ckbi0n8ap0wjf0yawdxifb3q7 410 Gone
2020-06-19 11:55:40 campo_maior2.jpg ckbi0ow46015d0ycp9qp806my 410 Gone
2020-06-19 11:55:42 campo_maior2.jpg ckbi0pxsl0om50y8ndejb2kbq 410 Gone
2020-06-19 11:55:44 campo_maior2.jpg ckbi0ruos0wne0yawalo7ghfp 410 Gone
2020-06-19 11:55:46 campo_maior2.jpg ckbi0t6ti0w960zcd3ii2d1o2 410 Gone
2020-06-19 11:55:48 campo_maior2.jpg ckbi0v8fs0vo50yc9g5or002p 410 Gone
2020-06-19 11:55:50 campo_maior2.jpg ckbi0wg3g0rk10y79gh1faby3 410 Gone
2020-06-19 11:55:51 campo_maior2.jpg ckbi0xqk80wqg0yaw5ppocm0u 410 Gone
2020-06-19 11:55:53 campo_maior2.jpg ckbi0yypr01ar0ycp2qkf237g 410 Gone
2020-06-19 11:55:55 campo_maior2.jpg ckbi10h5l0org0y8nhce9gfip 410 Gone
2020-06-19 11:55:57 campo_maior2.jpg ckbi121kp0wu00yaw1ig58a2g 410 Gone
2020-06-19 11:55:59 campo_maior2.jpg ckbi14nj70wvf0yaw112x8js0 410 Gone
2020-06-19 11:56:01 campo_maior2.jpg ckbi1ae5f01f10ycp2n9g00p5 410 Gone
2020-06-19 11:56:02 campo_maior2.jpg ckbi1g7gc0wiu0zcd8cgqdur6 410 Gone
2020-06-19 11:56:03 campo_maior2.jpg ckbi1nsrt01o40ycpexfk4uta 410 Gone
2020-06-19 11:56:05 campo_maior2.jpg ckbi1p8pu0p2g0y8n2wk9ebhw 410 Gone
2020-06-19 11:56:07 campo_maior2.jpg ckbi1qbc80p310y8na2im5jeb 410 Gone
2020-06-19 11:56:09 campo_maior2.jpg ckbi1rjr001pm0ycpa84xfij4 410 Gone
2020-06-19 11:56:10 campo_maior2.jpg ckbi1sl2r0ry40y7908ao9srz 410 Gone
2020-06-19 11:56:12 campo_maior2.jpg ckbi1tpia0w4k0yc97z132g0k 410 Gone
2020-06-19 11:56:14 campo_maior2.jpg ckbi1upwa0w5g0yc976ap5r7i 410 Gone
2020-06-19 11:56:15 campo_maior2.jpg ckbi1vp3t0wpf0zcdcoqh1frm 410 Gone
2020-06-19 11:56:17 campo_maior2.jpg ckbi1x5pz000r0y94cr41cmfu 410 Gone
2020-06-19 11:56:18 campo_maior2.jpg ckbi1xsst0s0j0y7969mq965p 410 Gone
2020-06-19 11:56:20 campo_maior2.jpg ckbi1z98c0wqd0zcdekq53smi 410 Gone
2020-06-19 11:56:22 campo_maior2.jpg ckbi20avm0x9t0yaw0qx68r9l 410 Gone
2020-06-19 11:56:24 campo_maior2.jpg ckbi2180x0wr60zcdbw3hfrs6 410 Gone
2020-06-19 11:56:25 campo_maior2.jpg ckbi22ppb0xb10yawe3fwgwo1 410 Gone
2020-06-19 11:56:27 campo_maior2.jpg ckbi23r2g0p7n0y8nadlng9el 410 Gone
2020-06-19 11:56:29 campo_maior2.jpg ckbi24tnm0p850y8n0hqj7icj 410 Gone
2020-06-19 11:56:31 campo_maior2.jpg ckbi25tbl003t0y945qztft16 410 Gone
2020-06-19 11:56:32 campo_maior2.jpg ckbi276x20p920y8n86c215wr 410 Gone
2020-06-19 11:56:34 campo_maior2.jpg ckbi286kn0p9j0y8ng8n21bw7 410 Gone
2020-06-19 11:56:36 campo_maior2.jpg ckbi29jnj0s5u0y799haqaztu 410 Gone
2020-06-19 11:56:38 campo_maior2.jpg ckbi2a7jl0wbe0yc904wt48ea 410 Gone
2020-06-19 11:56:39 campo_maior2.jpg ckbi2as9m0xdi0yaw8e4i1qhf 410 Gone
2020-06-19 11:56:41 campo_maior2.jpg ckbi2hcpe0saj0y797p2m15m7 410 Gone
2020-06-19 11:56:42 campo_maior2.jpg ckbi2i5pb0saz0y798xhy44zk 410 Gone
2020-06-19 11:56:44 campo_maior2.jpg ckbi2jzng00bg0y940rms9aut 410 Gone
2020-06-19 11:56:46 campo_maior2.jpg ckbi2lnua0x130zcd9ucn1co5 410 Gone
2020-06-19 11:56:48 campo_maior2.jpg ckbi2mcp50ph70y8ngnb1c5xl 410 Gone
2020-06-19 11:56:50 campo_maior2.jpg ckbi2rgqn0pkn0y8n4pd60rvz 410 Gone
2020-06-19 11:56:51 campo_maior2.jpg ckbi2s0nv0x4r0zcd6394718q 410 Gone
2020-06-19 11:56:53 campo_maior2.jpg ckbi2sqtx0x580zcde6k30lsu 410 Gone
2020-06-19 11:56:56 campo_maior2.jpg ckbi2tfw90wlp0yc9g1v2gkya 410 Gone
2020-06-19 11:56:57 campo_maior2.jpg ckbi2u4k500io0y941j5o3arc 410 Gone
2020-06-19 11:56:59 campo_maior2.jpg ckbi2uugb0pm80y8n0fyp5mgj 410 Gone
2020-06-19 11:57:01 campo_maior2.jpg ckbi2vmga0xpk0yaw4fcrb9gs 410 Gone
2020-06-19 11:57:03 campo_maior2.jpg ckbi2w8ef0siv0y795g1x9wi3 410 Gone
2020-06-19 11:57:05 campo_maior2.jpg ckbi2wxw10wph0yc900lg7otl 410 Gone
2020-06-19 11:57:07 campo_maior2.jpg ckbi2xm7z0xr30yawavzugz6p 410 Gone
2020-06-19 11:57:09 campo_maior2.jpg ckbi2y6w30po80y8n57ht4qrh 410 Gone
2020-06-19 11:57:11 campo_maior2.jpg ckbi2z6sk00lj0y942bgscwr8 410 Gone
2020-06-19 11:57:13 campo_maior2.jpg ckbi2zrjn0xsh0yaw4kasdahv 410 Gone
2020-06-19 11:57:14 campo_maior2.jpg ckbi30hdl0xsz0yawedoa5nmf 410 Gone
2020-06-19 11:57:16 campo_maior2.jpg ckbi317cy0wsf0yc9a9vm3480 410 Gone
2020-06-19 11:57:18 campo_maior2.jpg ckbi322c90smm0y79dg151qpr 410 Gone
2020-06-19 11:57:20 campo_maior2.jpg ckbi32lku00oc0y94ey8476oi 410 Gone
2020-06-19 11:57:22 campo_maior2.jpg ckbi3383v0xv40yaw1qn93nu7 410 Gone
2020-06-19 11:57:24 campo_maior2.jpg ckbi33szq0xvt0yawfb0t5f5p 410 Gone
2020-06-19 11:57:26 campo_maior2.jpg ckbi34glk0soa0y79307l9ee0 410 Gone
2020-06-19 11:57:28 campo_maior2.jpg ckbi355iu0xwi0yaw2jqghf6y 410 Gone
2020-06-19 11:57:30 campo_maior2.jpg ckbi35uq00xwz0yawdt923ziq 410 Gone
2020-06-19 11:57:32 campo_maior2.jpg ckbi36jbo0ptq0y8n0003472z 410 Gone
2020-06-19 11:57:34 campo_maior2.jpg ckbi37c7900rm0y947o79dlye 410 Gone
2020-06-19 11:57:35 campo_maior2.jpg ckbi37xmo0wwn0yc9figd9hhr 410 Gone
2020-06-19 11:57:37 campo_maior2.jpg ckbi38fzm00sg0y94hko2hz02 410 Gone
2020-06-19 11:57:39 campo_maior2.jpg ckbi390xj0wxa0yc9foczhipt 410 Gone
2020-06-19 11:57:42 campo_maior2.jpg ckbi39ngd0stt0y794dyj56co 410 Gone
2020-06-19 11:57:43 campo_maior2.jpg ckbi3a9c80xgu0zcdbifj7e88 410 Gone
2020-06-19 11:57:45 campo_maior2.jpg ckbi3aqra0xhe0zcd818d0k1g 410 Gone
2020-06-19 11:57:47 campo_maior2.jpg ckbi3bgt10q2f0y8n50f48pzc 410 Gone
2020-06-19 11:57:49 campo_maior2.jpg ckbi3ccsn0x050yc9gs9vbtni 410 Gone
2020-06-19 11:57:50 campo_maior2.jpg ckbi3cvo70x0m0yc9asjj421d 410 Gone
2020-06-19 11:57:52 campo_maior2.jpg ckbi3dgf30q4o0y8n3enrgq8d 410 Gone
2020-06-19 11:57:54 campo_maior2.jpg ckbi3e2uq0q5j0y8nacy92s3x 410 Gone
2020-06-19 11:57:56 campo_maior2.jpg ckbi3eppz0x2t0yc937ni8i1h 410 Gone
2020-06-19 11:57:58 campo_maior2.jpg ckbi3fb7s0q6n0y8nbkq7gysz 410 Gone
2020-06-19 11:57:59 campo_maior2.jpg ckbi3fxv80q7l0y8n98ebgejj 410 Gone
2020-06-19 11:58:01 campo_maior2.jpg ckbi3go570xnh0zcdc5qo2nbl 410 Gone
2020-06-19 11:58:03 campo_maior2.jpg ckbi3h8480xo50zcdcmpvdg36 410 Gone
2020-06-19 11:58:04 campo_maior2.jpg ckbi3hzhh0xot0zcd6aj49lfq 410 Gone
2020-06-19 11:58:06 campo_maior2.jpg ckbi3itrz013f0y944zeof0o2 410 Gone
2020-06-19 11:58:08 campo_maior2.jpg ckbi3jhxv01460y948flvbo3u 410 Gone
2020-06-19 11:58:10 campo_maior2.jpg ckbi3k0fj014l0y949k5q7dbr 410 Gone
2020-06-19 11:58:12 campo_maior2.jpg ckbi3kknf0ybc0yawddee6b2s 410 Gone
2020-06-19 11:58:14 campo_maior2.jpg ckbi3lqyv016q0y947vrz0thb 410 Gone
2020-06-19 11:58:16 campo_maior2.jpg ckbi3mckq0ydf0yawd9p38fgo 410 Gone
2020-06-19 11:58:17 campo_maior2.jpg ckbi3n47a01840y94hnhe810i 410 Gone
2020-06-19 11:58:20 campo_maior2.jpg ckbi3nyoy0qg50y8newpn92b6 410 Gone
2020-06-19 11:58:22 campo_maior2.jpg ckbi3okh60xw30zcd6ohi1w84 410 Gone
2020-06-19 11:58:24 campo_maior2.jpg ckbi3p5mq0qh70y8n2z7o778p 410 Gone
2020-06-19 11:58:26 campo_maior2.jpg ckbi3psrq0tbe0y797t4t6hzg 410 Gone
2020-06-19 11:58:28 campo_maior2.jpg ckbi3qgen01ar0y94g46e4lyg 410 Gone
2020-06-19 11:58:29 campo_maior2.jpg ckbi3r7hw0xfc0yc94paw2gm6 410 Gone
2020-06-19 11:58:30 campo_maior2.jpg ckbi3rsdp0xyd0zcd1kyfao51 410 Gone
2020-06-19 11:58:32 campo_maior2.jpg ckbi3sdmm0qjo0y8n3uegai4w 410 Gone
2020-06-19 11:58:34 campo_maior2.jpg ckbi3t65d0qkf0y8najl66zzs 410 Gone
2020-06-19 11:58:36 campo_maior2.jpg ckbi3tpoa0qks0y8nhx7m6r1r 410 Gone
2020-06-19 11:58:38 campo_maior2.jpg ckbi3uhiy0ykf0yawg5pe4yp1 410 Gone
2020-06-19 11:58:39 campo_maior2.jpg ckbi3yivr0xkm0yc9gr9g5w5a 410 Gone
2020-06-19 11:58:41 campo_maior2.jpg ckbi3zb740qny0y8n0jsahuno 410 Gone
2020-06-19 11:58:44 campo_maior2.jpg ckbi4027y0qoa0y8n0e1v5te9 410 Gone
2020-06-19 11:58:46 campo_maior2.jpg ckbi41lzu01ht0y947v534vlb 410 Gone
2020-06-19 11:58:48 campo_maior2.jpg ckbi428a90tj90y79cx1z97uj 410 Gone
2020-06-19 11:58:49 campo_maior2.jpg ckbi43g9t0tjw0y7987zqfd3l 410 Gone
2020-06-19 11:58:51 campo_maior2.jpg ckbi4494c01iv0y948v78hmfp 410 Gone
2020-06-19 11:58:52 campo_maior2.jpg ckbi4i91r0ycj0zcd3fr12uzm 410 Gone
2020-06-19 11:58:54 campo_maior2.jpg ckbi4jwa30xwt0yc93ai4f9ck 410 Gone
2020-06-19 11:58:55 campo_maior2.jpg ckbi5m5tf0yne0yc9h251fr8t 410 Gone
2020-06-19 11:58:57 campo_maior2.jpg ckbi5no0z0zpq0yawaycnetxd 410 Gone
2020-06-19 11:58:59 campo_maior2.jpg ckbi5tk2z003j0ycdbdam9hms 410 Gone
2020-06-19 11:59:02 campo_maior2.jpg ckbi5u6rr0z7v0zcdeicw2cfe 410 Gone
2020-06-19 11:59:03 campo_maior2.jpg ckbi5usx300420ycd86zb4vmq 410 Gone
2020-06-19 11:59:05 campo_maior2.jpg ckbi5wyk80zxz0yaw596ea3lg 410 Gone
2020-06-19 11:59:07 campo_maior2.jpg ckbi5yd6u0z9n0zcd7fdl9auq 410 Gone
2020-06-19 11:59:11 montalegre1.jpg ckbiew4g817i40yaw8i9mf2y5 410 Gone
2020-06-19 11:59:13 montalegre1.jpg ckbjn5pb713p90y8ogn677a7e 410 Gone
